{"/Users/wonderwomancode/Projects/fleek/alternatefutures-backend/src/resolvers/index.ts": {"path":"/Users/wonderwomancode/Projects/fleek/alternatefutures-backend/src/resolvers/index.ts","statementMap":{"0":{"start":{"line":18,"column":25},"end":{"line":526,"column":null}},"1":{"start":{"line":20,"column":20},"end":{"line":22,"column":null}},"2":{"start":{"line":25,"column":6},"end":{"line":27,"column":null}},"3":{"start":{"line":26,"column":8},"end":{"line":26,"column":null}},"4":{"start":{"line":28,"column":6},"end":{"line":30,"column":null}},"5":{"start":{"line":35,"column":6},"end":{"line":37,"column":null}},"6":{"start":{"line":41,"column":6},"end":{"line":43,"column":null}},"7":{"start":{"line":42,"column":8},"end":{"line":42,"column":null}},"8":{"start":{"line":44,"column":6},"end":{"line":46,"column":null}},"9":{"start":{"line":51,"column":6},"end":{"line":53,"column":null}},"10":{"start":{"line":57,"column":6},"end":{"line":59,"column":null}},"11":{"start":{"line":58,"column":8},"end":{"line":58,"column":null}},"12":{"start":{"line":60,"column":6},"end":{"line":62,"column":null}},"13":{"start":{"line":66,"column":6},"end":{"line":68,"column":null}},"14":{"start":{"line":73,"column":6},"end":{"line":75,"column":null}},"15":{"start":{"line":74,"column":8},"end":{"line":74,"column":null}},"16":{"start":{"line":77,"column":19},"end":{"line":82,"column":null}},"17":{"start":{"line":84,"column":6},"end":{"line":86,"column":null}},"18":{"start":{"line":85,"column":8},"end":{"line":85,"column":null}},"19":{"start":{"line":88,"column":6},"end":{"line":88,"column":null}},"20":{"start":{"line":92,"column":6},"end":{"line":94,"column":null}},"21":{"start":{"line":93,"column":8},"end":{"line":93,"column":null}},"22":{"start":{"line":95,"column":6},"end":{"line":97,"column":null}},"23":{"start":{"line":105,"column":6},"end":{"line":108,"column":null}},"24":{"start":{"line":113,"column":6},"end":{"line":115,"column":null}},"25":{"start":{"line":122,"column":6},"end":{"line":124,"column":null}},"26":{"start":{"line":123,"column":8},"end":{"line":123,"column":null}},"27":{"start":{"line":126,"column":12},"end":{"line":126,"column":null}},"28":{"start":{"line":128,"column":6},"end":{"line":134,"column":null}},"29":{"start":{"line":143,"column":30},"end":{"line":143,"column":null}},"30":{"start":{"line":144,"column":6},"end":{"line":146,"column":null}},"31":{"start":{"line":145,"column":8},"end":{"line":145,"column":null}},"32":{"start":{"line":148,"column":12},"end":{"line":148,"column":null}},"33":{"start":{"line":150,"column":6},"end":{"line":156,"column":null}},"34":{"start":{"line":181,"column":19},"end":{"line":183,"column":null}},"35":{"start":{"line":185,"column":6},"end":{"line":187,"column":null}},"36":{"start":{"line":186,"column":8},"end":{"line":186,"column":null}},"37":{"start":{"line":189,"column":32},"end":{"line":189,"column":null}},"38":{"start":{"line":191,"column":21},"end":{"line":197,"column":null}},"39":{"start":{"line":200,"column":25},"end":{"line":202,"column":null}},"40":{"start":{"line":204,"column":6},"end":{"line":206,"column":null}},"41":{"start":{"line":205,"column":8},"end":{"line":205,"column":null}},"42":{"start":{"line":208,"column":6},"end":{"line":208,"column":null}},"43":{"start":{"line":217,"column":6},"end":{"line":219,"column":null}},"44":{"start":{"line":218,"column":8},"end":{"line":218,"column":null}},"45":{"start":{"line":222,"column":6},"end":{"line":224,"column":null}},"46":{"start":{"line":223,"column":8},"end":{"line":223,"column":null}},"47":{"start":{"line":226,"column":12},"end":{"line":226,"column":null}},"48":{"start":{"line":227,"column":12},"end":{"line":227,"column":null}},"49":{"start":{"line":229,"column":6},"end":{"line":239,"column":null}},"50":{"start":{"line":259,"column":25},"end":{"line":267,"column":null}},"51":{"start":{"line":270,"column":6},"end":{"line":276,"column":null}},"52":{"start":{"line":278,"column":6},"end":{"line":278,"column":null}},"53":{"start":{"line":287,"column":6},"end":{"line":289,"column":null}},"54":{"start":{"line":288,"column":8},"end":{"line":288,"column":null}},"55":{"start":{"line":291,"column":6},"end":{"line":299,"column":null}},"56":{"start":{"line":303,"column":6},"end":{"line":305,"column":null}},"57":{"start":{"line":306,"column":6},"end":{"line":306,"column":null}},"58":{"start":{"line":315,"column":6},"end":{"line":321,"column":null}},"59":{"start":{"line":328,"column":6},"end":{"line":330,"column":null}},"60":{"start":{"line":336,"column":6},"end":{"line":338,"column":null}},"61":{"start":{"line":341,"column":6},"end":{"line":343,"column":null}},"62":{"start":{"line":346,"column":6},"end":{"line":348,"column":null}},"63":{"start":{"line":354,"column":6},"end":{"line":356,"column":null}},"64":{"start":{"line":359,"column":6},"end":{"line":361,"column":null}},"65":{"start":{"line":364,"column":6},"end":{"line":366,"column":null}},"66":{"start":{"line":372,"column":6},"end":{"line":374,"column":null}},"67":{"start":{"line":377,"column":6},"end":{"line":377,"column":null}},"68":{"start":{"line":377,"column":39},"end":{"line":377,"column":null}},"69":{"start":{"line":378,"column":6},"end":{"line":380,"column":null}},"70":{"start":{"line":383,"column":6},"end":{"line":386,"column":null}},"71":{"start":{"line":392,"column":6},"end":{"line":394,"column":null}},"72":{"start":{"line":403,"column":27},"end":{"line":405,"column":null}},"73":{"start":{"line":407,"column":8},"end":{"line":410,"column":null}},"74":{"start":{"line":408,"column":10},"end":{"line":408,"column":null}},"75":{"start":{"line":409,"column":10},"end":{"line":409,"column":null}},"76":{"start":{"line":413,"column":8},"end":{"line":413,"column":null}},"77":{"start":{"line":416,"column":29},"end":{"line":416,"column":null}},"78":{"start":{"line":417,"column":69},"end":{"line":417,"column":null}},"79":{"start":{"line":419,"column":24},"end":{"line":427,"column":null}},"80":{"start":{"line":420,"column":10},"end":{"line":420,"column":null}},"81":{"start":{"line":421,"column":10},"end":{"line":426,"column":null}},"82":{"start":{"line":422,"column":12},"end":{"line":422,"column":null}},"83":{"start":{"line":423,"column":12},"end":{"line":423,"column":null}},"84":{"start":{"line":425,"column":12},"end":{"line":425,"column":null}},"85":{"start":{"line":429,"column":8},"end":{"line":429,"column":null}},"86":{"start":{"line":431,"column":8},"end":{"line":458,"column":null}},"87":{"start":{"line":432,"column":10},"end":{"line":448,"column":null}},"88":{"start":{"line":433,"column":12},"end":{"line":447,"column":null}},"89":{"start":{"line":434,"column":14},"end":{"line":434,"column":null}},"90":{"start":{"line":436,"column":14},"end":{"line":442,"column":null}},"91":{"start":{"line":437,"column":16},"end":{"line":441,"column":null}},"92":{"start":{"line":438,"column":18},"end":{"line":440,"column":null}},"93":{"start":{"line":439,"column":20},"end":{"line":439,"column":null}},"94":{"start":{"line":444,"column":14},"end":{"line":446,"column":null}},"95":{"start":{"line":445,"column":16},"end":{"line":445,"column":null}},"96":{"start":{"line":450,"column":10},"end":{"line":453,"column":null}},"97":{"start":{"line":454,"column":10},"end":{"line":454,"column":null}},"98":{"start":{"line":456,"column":10},"end":{"line":456,"column":null}},"99":{"start":{"line":457,"column":10},"end":{"line":457,"column":null}},"100":{"start":{"line":460,"column":33},"end":{"line":460,"column":null}},"101":{"start":{"line":466,"column":27},"end":{"line":468,"column":null}},"102":{"start":{"line":470,"column":8},"end":{"line":473,"column":null}},"103":{"start":{"line":471,"column":10},"end":{"line":471,"column":null}},"104":{"start":{"line":472,"column":10},"end":{"line":472,"column":null}},"105":{"start":{"line":476,"column":8},"end":{"line":476,"column":null}},"106":{"start":{"line":479,"column":29},"end":{"line":479,"column":null}},"107":{"start":{"line":480,"column":69},"end":{"line":480,"column":null}},"108":{"start":{"line":482,"column":24},"end":{"line":490,"column":null}},"109":{"start":{"line":483,"column":10},"end":{"line":483,"column":null}},"110":{"start":{"line":484,"column":10},"end":{"line":489,"column":null}},"111":{"start":{"line":485,"column":12},"end":{"line":485,"column":null}},"112":{"start":{"line":486,"column":12},"end":{"line":486,"column":null}},"113":{"start":{"line":488,"column":12},"end":{"line":488,"column":null}},"114":{"start":{"line":492,"column":8},"end":{"line":492,"column":null}},"115":{"start":{"line":494,"column":8},"end":{"line":521,"column":null}},"116":{"start":{"line":495,"column":10},"end":{"line":511,"column":null}},"117":{"start":{"line":496,"column":12},"end":{"line":510,"column":null}},"118":{"start":{"line":497,"column":14},"end":{"line":497,"column":null}},"119":{"start":{"line":499,"column":14},"end":{"line":505,"column":null}},"120":{"start":{"line":500,"column":16},"end":{"line":504,"column":null}},"121":{"start":{"line":501,"column":18},"end":{"line":503,"column":null}},"122":{"start":{"line":502,"column":20},"end":{"line":502,"column":null}},"123":{"start":{"line":507,"column":14},"end":{"line":509,"column":null}},"124":{"start":{"line":508,"column":16},"end":{"line":508,"column":null}},"125":{"start":{"line":513,"column":10},"end":{"line":516,"column":null}},"126":{"start":{"line":517,"column":10},"end":{"line":517,"column":null}},"127":{"start":{"line":519,"column":10},"end":{"line":519,"column":null}},"128":{"start":{"line":520,"column":10},"end":{"line":520,"column":null}},"129":{"start":{"line":523,"column":33},"end":{"line":523,"column":null}}},"fnMap":{"0":{"name":"(anonymous_0)","decl":{"start":{"line":20,"column":13},"end":{"line":20,"column":20}},"loc":{"start":{"line":20,"column":20},"end":{"line":22,"column":null}},"line":20},"1":{"name":"(anonymous_1)","decl":{"start":{"line":24,"column":8},"end":{"line":24,"column":15}},"loc":{"start":{"line":24,"column":61},"end":{"line":31,"column":null}},"line":24},"2":{"name":"(anonymous_2)","decl":{"start":{"line":34,"column":13},"end":{"line":34,"column":20}},"loc":{"start":{"line":34,"column":77},"end":{"line":38,"column":null}},"line":34},"3":{"name":"(anonymous_3)","decl":{"start":{"line":40,"column":14},"end":{"line":40,"column":21}},"loc":{"start":{"line":40,"column":67},"end":{"line":47,"column":null}},"line":40},"4":{"name":"(anonymous_4)","decl":{"start":{"line":50,"column":10},"end":{"line":50,"column":17}},"loc":{"start":{"line":50,"column":74},"end":{"line":54,"column":null}},"line":50},"5":{"name":"(anonymous_5)","decl":{"start":{"line":56,"column":11},"end":{"line":56,"column":18}},"loc":{"start":{"line":56,"column":64},"end":{"line":63,"column":null}},"line":56},"6":{"name":"(anonymous_6)","decl":{"start":{"line":65,"column":16},"end":{"line":65,"column":23}},"loc":{"start":{"line":65,"column":84},"end":{"line":69,"column":null}},"line":65},"7":{"name":"(anonymous_7)","decl":{"start":{"line":72,"column":22},"end":{"line":72,"column":29}},"loc":{"start":{"line":72,"column":90},"end":{"line":89,"column":null}},"line":72},"8":{"name":"(anonymous_8)","decl":{"start":{"line":91,"column":17},"end":{"line":91,"column":24}},"loc":{"start":{"line":91,"column":70},"end":{"line":98,"column":null}},"line":91},"9":{"name":"(anonymous_9)","decl":{"start":{"line":100,"column":27},"end":{"line":100,"column":null}},"loc":{"start":{"line":104,"column":9},"end":{"line":109,"column":null}},"line":104},"10":{"name":"(anonymous_10)","decl":{"start":{"line":112,"column":13},"end":{"line":112,"column":20}},"loc":{"start":{"line":112,"column":86},"end":{"line":116,"column":null}},"line":112},"11":{"name":"(anonymous_11)","decl":{"start":{"line":121,"column":19},"end":{"line":121,"column":26}},"loc":{"start":{"line":121,"column":87},"end":{"line":135,"column":null}},"line":121},"12":{"name":"(anonymous_12)","decl":{"start":{"line":138,"column":16},"end":{"line":138,"column":null}},"loc":{"start":{"line":142,"column":9},"end":{"line":157,"column":null}},"line":142},"13":{"name":"(anonymous_13)","decl":{"start":{"line":160,"column":22},"end":{"line":160,"column":null}},"loc":{"start":{"line":179,"column":9},"end":{"line":209,"column":null}},"line":179},"14":{"name":"(anonymous_14)","decl":{"start":{"line":212,"column":22},"end":{"line":212,"column":null}},"loc":{"start":{"line":216,"column":9},"end":{"line":240,"column":null}},"line":216},"15":{"name":"(anonymous_15)","decl":{"start":{"line":242,"column":22},"end":{"line":242,"column":null}},"loc":{"start":{"line":258,"column":9},"end":{"line":279,"column":null}},"line":258},"16":{"name":"(anonymous_16)","decl":{"start":{"line":281,"column":22},"end":{"line":281,"column":null}},"loc":{"start":{"line":285,"column":9},"end":{"line":300,"column":null}},"line":285},"17":{"name":"(anonymous_17)","decl":{"start":{"line":302,"column":22},"end":{"line":302,"column":29}},"loc":{"start":{"line":302,"column":86},"end":{"line":307,"column":null}},"line":302},"18":{"name":"(anonymous_18)","decl":{"start":{"line":310,"column":18},"end":{"line":310,"column":null}},"loc":{"start":{"line":314,"column":9},"end":{"line":322,"column":null}},"line":314},"19":{"name":"(anonymous_19)","decl":{"start":{"line":327,"column":14},"end":{"line":327,"column":15}},"loc":{"start":{"line":327,"column":61},"end":{"line":331,"column":null}},"line":327},"20":{"name":"(anonymous_20)","decl":{"start":{"line":335,"column":10},"end":{"line":335,"column":11}},"loc":{"start":{"line":335,"column":57},"end":{"line":339,"column":null}},"line":335},"21":{"name":"(anonymous_21)","decl":{"start":{"line":340,"column":11},"end":{"line":340,"column":12}},"loc":{"start":{"line":340,"column":58},"end":{"line":344,"column":null}},"line":340},"22":{"name":"(anonymous_22)","decl":{"start":{"line":345,"column":15},"end":{"line":345,"column":16}},"loc":{"start":{"line":345,"column":62},"end":{"line":349,"column":null}},"line":345},"23":{"name":"(anonymous_23)","decl":{"start":{"line":353,"column":13},"end":{"line":353,"column":14}},"loc":{"start":{"line":353,"column":60},"end":{"line":357,"column":null}},"line":353},"24":{"name":"(anonymous_24)","decl":{"start":{"line":358,"column":17},"end":{"line":358,"column":18}},"loc":{"start":{"line":358,"column":64},"end":{"line":362,"column":null}},"line":358},"25":{"name":"(anonymous_25)","decl":{"start":{"line":363,"column":13},"end":{"line":363,"column":14}},"loc":{"start":{"line":363,"column":60},"end":{"line":367,"column":null}},"line":363},"26":{"name":"(anonymous_26)","decl":{"start":{"line":371,"column":13},"end":{"line":371,"column":14}},"loc":{"start":{"line":371,"column":60},"end":{"line":375,"column":null}},"line":371},"27":{"name":"(anonymous_27)","decl":{"start":{"line":376,"column":23},"end":{"line":376,"column":24}},"loc":{"start":{"line":376,"column":70},"end":{"line":381,"column":null}},"line":376},"28":{"name":"(anonymous_28)","decl":{"start":{"line":382,"column":17},"end":{"line":382,"column":18}},"loc":{"start":{"line":382,"column":64},"end":{"line":387,"column":null}},"line":382},"29":{"name":"(anonymous_29)","decl":{"start":{"line":391,"column":16},"end":{"line":391,"column":17}},"loc":{"start":{"line":391,"column":63},"end":{"line":395,"column":null}},"line":391},"30":{"name":"(anonymous_30)","decl":{"start":{"line":401,"column":6},"end":{"line":401,"column":17}},"loc":{"start":{"line":401,"column":108},"end":{"line":459,"column":null}},"line":401},"31":{"name":"(anonymous_31)","decl":{"start":{"line":419,"column":24},"end":{"line":419,"column":25}},"loc":{"start":{"line":419,"column":40},"end":{"line":427,"column":null}},"line":419},"32":{"name":"(anonymous_32)","decl":{"start":{"line":436,"column":38},"end":{"line":436,"column":39}},"loc":{"start":{"line":436,"column":47},"end":{"line":442,"column":15}},"line":436},"33":{"name":"(anonymous_33)","decl":{"start":{"line":437,"column":26},"end":{"line":437,"column":27}},"loc":{"start":{"line":437,"column":38},"end":{"line":441,"column":null}},"line":437},"34":{"name":"(anonymous_34)","decl":{"start":{"line":460,"column":15},"end":{"line":460,"column":16}},"loc":{"start":{"line":460,"column":33},"end":{"line":460,"column":null}},"line":460},"35":{"name":"(anonymous_35)","decl":{"start":{"line":464,"column":6},"end":{"line":464,"column":17}},"loc":{"start":{"line":464,"column":108},"end":{"line":522,"column":null}},"line":464},"36":{"name":"(anonymous_36)","decl":{"start":{"line":482,"column":24},"end":{"line":482,"column":25}},"loc":{"start":{"line":482,"column":40},"end":{"line":490,"column":null}},"line":482},"37":{"name":"(anonymous_37)","decl":{"start":{"line":499,"column":38},"end":{"line":499,"column":39}},"loc":{"start":{"line":499,"column":47},"end":{"line":505,"column":15}},"line":499},"38":{"name":"(anonymous_38)","decl":{"start":{"line":500,"column":26},"end":{"line":500,"column":27}},"loc":{"start":{"line":500,"column":38},"end":{"line":504,"column":null}},"line":500},"39":{"name":"(anonymous_39)","decl":{"start":{"line":523,"column":15},"end":{"line":523,"column":16}},"loc":{"start":{"line":523,"column":33},"end":{"line":523,"column":null}},"line":523}},"branchMap":{"0":{"loc":{"start":{"line":21,"column":18},"end":{"line":21,"column":null}},"type":"binary-expr","locations":[{"start":{"line":21,"column":18},"end":{"line":21,"column":45}},{"start":{"line":21,"column":45},"end":{"line":21,"column":null}}],"line":21},"1":{"loc":{"start":{"line":25,"column":6},"end":{"line":27,"column":null}},"type":"if","locations":[{"start":{"line":25,"column":6},"end":{"line":27,"column":null}},{"start":{},"end":{}}],"line":25},"2":{"loc":{"start":{"line":41,"column":6},"end":{"line":43,"column":null}},"type":"if","locations":[{"start":{"line":41,"column":6},"end":{"line":43,"column":null}},{"start":{},"end":{}}],"line":41},"3":{"loc":{"start":{"line":57,"column":6},"end":{"line":59,"column":null}},"type":"if","locations":[{"start":{"line":57,"column":6},"end":{"line":59,"column":null}},{"start":{},"end":{}}],"line":57},"4":{"loc":{"start":{"line":73,"column":6},"end":{"line":75,"column":null}},"type":"if","locations":[{"start":{"line":73,"column":6},"end":{"line":75,"column":null}},{"start":{},"end":{}}],"line":73},"5":{"loc":{"start":{"line":84,"column":6},"end":{"line":86,"column":null}},"type":"if","locations":[{"start":{"line":84,"column":6},"end":{"line":86,"column":null}},{"start":{},"end":{}}],"line":84},"6":{"loc":{"start":{"line":92,"column":6},"end":{"line":94,"column":null}},"type":"if","locations":[{"start":{"line":92,"column":6},"end":{"line":94,"column":null}},{"start":{},"end":{}}],"line":92},"7":{"loc":{"start":{"line":114,"column":15},"end":{"line":114,"column":null}},"type":"cond-expr","locations":[{"start":{"line":114,"column":24},"end":{"line":114,"column":37}},{"start":{"line":114,"column":37},"end":{"line":114,"column":null}}],"line":114},"8":{"loc":{"start":{"line":122,"column":6},"end":{"line":124,"column":null}},"type":"if","locations":[{"start":{"line":122,"column":6},"end":{"line":124,"column":null}},{"start":{},"end":{}}],"line":122},"9":{"loc":{"start":{"line":143,"column":30},"end":{"line":143,"column":null}},"type":"binary-expr","locations":[{"start":{"line":143,"column":30},"end":{"line":143,"column":43}},{"start":{"line":143,"column":43},"end":{"line":143,"column":null}}],"line":143},"10":{"loc":{"start":{"line":144,"column":6},"end":{"line":146,"column":null}},"type":"if","locations":[{"start":{"line":144,"column":6},"end":{"line":146,"column":null}},{"start":{},"end":{}}],"line":144},"11":{"loc":{"start":{"line":165,"column":8},"end":{"line":165,"column":null}},"type":"default-arg","locations":[{"start":{"line":165,"column":22},"end":{"line":165,"column":null}}],"line":165},"12":{"loc":{"start":{"line":185,"column":6},"end":{"line":187,"column":null}},"type":"if","locations":[{"start":{"line":185,"column":6},"end":{"line":187,"column":null}},{"start":{},"end":{}}],"line":185},"13":{"loc":{"start":{"line":204,"column":6},"end":{"line":206,"column":null}},"type":"if","locations":[{"start":{"line":204,"column":6},"end":{"line":206,"column":null}},{"start":{},"end":{}}],"line":204},"14":{"loc":{"start":{"line":217,"column":6},"end":{"line":219,"column":null}},"type":"if","locations":[{"start":{"line":217,"column":6},"end":{"line":219,"column":null}},{"start":{},"end":{}}],"line":217},"15":{"loc":{"start":{"line":222,"column":6},"end":{"line":224,"column":null}},"type":"if","locations":[{"start":{"line":222,"column":6},"end":{"line":224,"column":null}},{"start":{},"end":{}}],"line":222},"16":{"loc":{"start":{"line":236,"column":18},"end":{"line":236,"column":null}},"type":"binary-expr","locations":[{"start":{"line":236,"column":18},"end":{"line":236,"column":28}},{"start":{"line":236,"column":28},"end":{"line":236,"column":null}}],"line":236},"17":{"loc":{"start":{"line":247,"column":8},"end":{"line":247,"column":null}},"type":"default-arg","locations":[{"start":{"line":247,"column":14},"end":{"line":247,"column":null}}],"line":247},"18":{"loc":{"start":{"line":287,"column":6},"end":{"line":289,"column":null}},"type":"if","locations":[{"start":{"line":287,"column":6},"end":{"line":289,"column":null}},{"start":{},"end":{}}],"line":287},"19":{"loc":{"start":{"line":287,"column":10},"end":{"line":287,"column":51}},"type":"binary-expr","locations":[{"start":{"line":287,"column":10},"end":{"line":287,"column":34}},{"start":{"line":287,"column":34},"end":{"line":287,"column":51}}],"line":287},"20":{"loc":{"start":{"line":294,"column":14},"end":{"line":294,"column":null}},"type":"binary-expr","locations":[{"start":{"line":294,"column":14},"end":{"line":294,"column":22}},{"start":{"line":294,"column":22},"end":{"line":294,"column":null}}],"line":294},"21":{"loc":{"start":{"line":295,"column":14},"end":{"line":295,"column":null}},"type":"binary-expr","locations":[{"start":{"line":295,"column":14},"end":{"line":295,"column":22}},{"start":{"line":295,"column":22},"end":{"line":295,"column":null}}],"line":295},"22":{"loc":{"start":{"line":296,"column":14},"end":{"line":296,"column":null}},"type":"binary-expr","locations":[{"start":{"line":296,"column":14},"end":{"line":296,"column":38}},{"start":{"line":296,"column":38},"end":{"line":296,"column":null}}],"line":296},"23":{"loc":{"start":{"line":297,"column":14},"end":{"line":297,"column":null}},"type":"binary-expr","locations":[{"start":{"line":297,"column":14},"end":{"line":297,"column":24}},{"start":{"line":297,"column":24},"end":{"line":297,"column":null}}],"line":297},"24":{"loc":{"start":{"line":377,"column":6},"end":{"line":377,"column":null}},"type":"if","locations":[{"start":{"line":377,"column":6},"end":{"line":377,"column":null}},{"start":{},"end":{}}],"line":377},"25":{"loc":{"start":{"line":407,"column":8},"end":{"line":410,"column":null}},"type":"if","locations":[{"start":{"line":407,"column":8},"end":{"line":410,"column":null}},{"start":{},"end":{}}],"line":407},"26":{"loc":{"start":{"line":421,"column":10},"end":{"line":426,"column":null}},"type":"if","locations":[{"start":{"line":421,"column":10},"end":{"line":426,"column":null}},{"start":{"line":424,"column":17},"end":{"line":426,"column":null}}],"line":421},"27":{"loc":{"start":{"line":433,"column":12},"end":{"line":447,"column":null}},"type":"if","locations":[{"start":{"line":433,"column":12},"end":{"line":447,"column":null}},{"start":{"line":435,"column":19},"end":{"line":447,"column":null}}],"line":433},"28":{"loc":{"start":{"line":438,"column":18},"end":{"line":440,"column":null}},"type":"if","locations":[{"start":{"line":438,"column":18},"end":{"line":440,"column":null}},{"start":{},"end":{}}],"line":438},"29":{"loc":{"start":{"line":444,"column":14},"end":{"line":446,"column":null}},"type":"if","locations":[{"start":{"line":444,"column":14},"end":{"line":446,"column":null}},{"start":{},"end":{}}],"line":444},"30":{"loc":{"start":{"line":451,"column":12},"end":{"line":451,"column":null}},"type":"cond-expr","locations":[{"start":{"line":451,"column":37},"end":{"line":451,"column":53}},{"start":{"line":451,"column":53},"end":{"line":451,"column":null}}],"line":451},"31":{"loc":{"start":{"line":470,"column":8},"end":{"line":473,"column":null}},"type":"if","locations":[{"start":{"line":470,"column":8},"end":{"line":473,"column":null}},{"start":{},"end":{}}],"line":470},"32":{"loc":{"start":{"line":484,"column":10},"end":{"line":489,"column":null}},"type":"if","locations":[{"start":{"line":484,"column":10},"end":{"line":489,"column":null}},{"start":{"line":487,"column":17},"end":{"line":489,"column":null}}],"line":484},"33":{"loc":{"start":{"line":496,"column":12},"end":{"line":510,"column":null}},"type":"if","locations":[{"start":{"line":496,"column":12},"end":{"line":510,"column":null}},{"start":{"line":498,"column":19},"end":{"line":510,"column":null}}],"line":496},"34":{"loc":{"start":{"line":501,"column":18},"end":{"line":503,"column":null}},"type":"if","locations":[{"start":{"line":501,"column":18},"end":{"line":503,"column":null}},{"start":{},"end":{}}],"line":501},"35":{"loc":{"start":{"line":507,"column":14},"end":{"line":509,"column":null}},"type":"if","locations":[{"start":{"line":507,"column":14},"end":{"line":509,"column":null}},{"start":{},"end":{}}],"line":507},"36":{"loc":{"start":{"line":514,"column":12},"end":{"line":514,"column":null}},"type":"cond-expr","locations":[{"start":{"line":514,"column":37},"end":{"line":514,"column":53}},{"start":{"line":514,"column":53},"end":{"line":514,"column":null}}],"line":514}},"s":{"0":5,"1":2,"2":2,"3":1,"4":1,"5":1,"6":2,"7":1,"8":1,"9":1,"10":2,"11":1,"12":1,"13":1,"14":3,"15":1,"16":2,"17":2,"18":1,"19":1,"20":2,"21":1,"22":1,"23":1,"24":2,"25":2,"26":1,"27":1,"28":1,"29":3,"30":3,"31":1,"32":2,"33":2,"34":7,"35":7,"36":1,"37":6,"38":6,"39":6,"40":6,"41":1,"42":5,"43":12,"44":2,"45":10,"46":7,"47":7,"48":7,"49":7,"50":2,"51":2,"52":2,"53":11,"54":4,"55":10,"56":1,"57":1,"58":1,"59":1,"60":1,"61":1,"62":1,"63":1,"64":1,"65":1,"66":1,"67":2,"68":1,"69":1,"70":1,"71":1,"72":3,"73":1,"74":1,"75":1,"76":0,"77":0,"78":0,"79":0,"80":0,"81":0,"82":0,"83":0,"84":0,"85":0,"86":0,"87":0,"88":0,"89":0,"90":0,"91":0,"92":0,"93":0,"94":0,"95":0,"96":0,"97":0,"98":0,"99":0,"100":1,"101":3,"102":1,"103":1,"104":1,"105":0,"106":0,"107":0,"108":0,"109":0,"110":0,"111":0,"112":0,"113":0,"114":0,"115":0,"116":0,"117":0,"118":0,"119":0,"120":0,"121":0,"122":0,"123":0,"124":0,"125":0,"126":0,"127":0,"128":0,"129":1},"f":{"0":2,"1":2,"2":1,"3":2,"4":1,"5":2,"6":1,"7":3,"8":2,"9":1,"10":2,"11":2,"12":3,"13":7,"14":12,"15":2,"16":11,"17":1,"18":1,"19":1,"20":1,"21":1,"22":1,"23":1,"24":1,"25":1,"26":1,"27":2,"28":1,"29":1,"30":5,"31":0,"32":0,"33":0,"34":1,"35":5,"36":0,"37":0,"38":0,"39":1},"b":{"0":[2,1],"1":[1,1],"2":[1,1],"3":[1,1],"4":[1,2],"5":[1,1],"6":[1,1],"7":[1,1],"8":[1,1],"9":[3,2],"10":[1,2],"11":[7],"12":[1,6],"13":[1,5],"14":[2,10],"15":[7,3],"16":[7,3],"17":[2],"18":[4,7],"19":[11,6],"20":[10,4],"21":[11,3],"22":[11,5],"23":[11,3],"24":[1,1],"25":[1,0],"26":[0,0],"27":[0,0],"28":[0,0],"29":[0,0],"30":[0,0],"31":[1,0],"32":[0,0],"33":[0,0],"34":[0,0],"35":[0,0],"36":[0,0]},"meta":{"lastBranch":37,"lastFunction":40,"lastStatement":130,"seen":{"s:18:25:526:Infinity":0,"f:20:13:20:20":0,"s:20:20:22:Infinity":1,"b:21:18:21:45:21:45:21:Infinity":0,"f:24:8:24:15":1,"b:25:6:27:Infinity:undefined:undefined:undefined:undefined":1,"s:25:6:27:Infinity":2,"s:26:8:26:Infinity":3,"s:28:6:30:Infinity":4,"f:34:13:34:20":2,"s:35:6:37:Infinity":5,"f:40:14:40:21":3,"b:41:6:43:Infinity:undefined:undefined:undefined:undefined":2,"s:41:6:43:Infinity":6,"s:42:8:42:Infinity":7,"s:44:6:46:Infinity":8,"f:50:10:50:17":4,"s:51:6:53:Infinity":9,"f:56:11:56:18":5,"b:57:6:59:Infinity:undefined:undefined:undefined:undefined":3,"s:57:6:59:Infinity":10,"s:58:8:58:Infinity":11,"s:60:6:62:Infinity":12,"f:65:16:65:23":6,"s:66:6:68:Infinity":13,"f:72:22:72:29":7,"b:73:6:75:Infinity:undefined:undefined:undefined:undefined":4,"s:73:6:75:Infinity":14,"s:74:8:74:Infinity":15,"s:77:19:82:Infinity":16,"b:84:6:86:Infinity:undefined:undefined:undefined:undefined":5,"s:84:6:86:Infinity":17,"s:85:8:85:Infinity":18,"s:88:6:88:Infinity":19,"f:91:17:91:24":8,"b:92:6:94:Infinity:undefined:undefined:undefined:undefined":6,"s:92:6:94:Infinity":20,"s:93:8:93:Infinity":21,"s:95:6:97:Infinity":22,"f:100:27:100:Infinity":9,"s:105:6:108:Infinity":23,"f:112:13:112:20":10,"s:113:6:115:Infinity":24,"b:114:24:114:37:114:37:114:Infinity":7,"f:121:19:121:26":11,"b:122:6:124:Infinity:undefined:undefined:undefined:undefined":8,"s:122:6:124:Infinity":25,"s:123:8:123:Infinity":26,"s:126:12:126:Infinity":27,"s:128:6:134:Infinity":28,"f:138:16:138:Infinity":12,"s:143:30:143:Infinity":29,"b:143:30:143:43:143:43:143:Infinity":9,"b:144:6:146:Infinity:undefined:undefined:undefined:undefined":10,"s:144:6:146:Infinity":30,"s:145:8:145:Infinity":31,"s:148:12:148:Infinity":32,"s:150:6:156:Infinity":33,"f:160:22:160:Infinity":13,"b:165:22:165:Infinity":11,"s:181:19:183:Infinity":34,"b:185:6:187:Infinity:undefined:undefined:undefined:undefined":12,"s:185:6:187:Infinity":35,"s:186:8:186:Infinity":36,"s:189:32:189:Infinity":37,"s:191:21:197:Infinity":38,"s:200:25:202:Infinity":39,"b:204:6:206:Infinity:undefined:undefined:undefined:undefined":13,"s:204:6:206:Infinity":40,"s:205:8:205:Infinity":41,"s:208:6:208:Infinity":42,"f:212:22:212:Infinity":14,"b:217:6:219:Infinity:undefined:undefined:undefined:undefined":14,"s:217:6:219:Infinity":43,"s:218:8:218:Infinity":44,"b:222:6:224:Infinity:undefined:undefined:undefined:undefined":15,"s:222:6:224:Infinity":45,"s:223:8:223:Infinity":46,"s:226:12:226:Infinity":47,"s:227:12:227:Infinity":48,"s:229:6:239:Infinity":49,"b:236:18:236:28:236:28:236:Infinity":16,"f:242:22:242:Infinity":15,"b:247:14:247:Infinity":17,"s:259:25:267:Infinity":50,"s:270:6:276:Infinity":51,"s:278:6:278:Infinity":52,"f:281:22:281:Infinity":16,"b:287:6:289:Infinity:undefined:undefined:undefined:undefined":18,"s:287:6:289:Infinity":53,"b:287:10:287:34:287:34:287:51":19,"s:288:8:288:Infinity":54,"s:291:6:299:Infinity":55,"b:294:14:294:22:294:22:294:Infinity":20,"b:295:14:295:22:295:22:295:Infinity":21,"b:296:14:296:38:296:38:296:Infinity":22,"b:297:14:297:24:297:24:297:Infinity":23,"f:302:22:302:29":17,"s:303:6:305:Infinity":56,"s:306:6:306:Infinity":57,"f:310:18:310:Infinity":18,"s:315:6:321:Infinity":58,"f:327:14:327:15":19,"s:328:6:330:Infinity":59,"f:335:10:335:11":20,"s:336:6:338:Infinity":60,"f:340:11:340:12":21,"s:341:6:343:Infinity":61,"f:345:15:345:16":22,"s:346:6:348:Infinity":62,"f:353:13:353:14":23,"s:354:6:356:Infinity":63,"f:358:17:358:18":24,"s:359:6:361:Infinity":64,"f:363:13:363:14":25,"s:364:6:366:Infinity":65,"f:371:13:371:14":26,"s:372:6:374:Infinity":66,"f:376:23:376:24":27,"b:377:6:377:Infinity:undefined:undefined:undefined:undefined":24,"s:377:6:377:Infinity":67,"s:377:39:377:Infinity":68,"s:378:6:380:Infinity":69,"f:382:17:382:18":28,"s:383:6:386:Infinity":70,"f:391:16:391:17":29,"s:392:6:394:Infinity":71,"f:401:6:401:17":30,"s:403:27:405:Infinity":72,"b:407:8:410:Infinity:undefined:undefined:undefined:undefined":25,"s:407:8:410:Infinity":73,"s:408:10:408:Infinity":74,"s:409:10:409:Infinity":75,"s:413:8:413:Infinity":76,"s:416:29:416:Infinity":77,"s:417:69:417:Infinity":78,"s:419:24:427:Infinity":79,"f:419:24:419:25":31,"s:420:10:420:Infinity":80,"b:421:10:426:Infinity:424:17:426:Infinity":26,"s:421:10:426:Infinity":81,"s:422:12:422:Infinity":82,"s:423:12:423:Infinity":83,"s:425:12:425:Infinity":84,"s:429:8:429:Infinity":85,"s:431:8:458:Infinity":86,"s:432:10:448:Infinity":87,"b:433:12:447:Infinity:435:19:447:Infinity":27,"s:433:12:447:Infinity":88,"s:434:14:434:Infinity":89,"s:436:14:442:Infinity":90,"f:436:38:436:39":32,"s:437:16:441:Infinity":91,"f:437:26:437:27":33,"b:438:18:440:Infinity:undefined:undefined:undefined:undefined":28,"s:438:18:440:Infinity":92,"s:439:20:439:Infinity":93,"b:444:14:446:Infinity:undefined:undefined:undefined:undefined":29,"s:444:14:446:Infinity":94,"s:445:16:445:Infinity":95,"s:450:10:453:Infinity":96,"b:451:37:451:53:451:53:451:Infinity":30,"s:454:10:454:Infinity":97,"s:456:10:456:Infinity":98,"s:457:10:457:Infinity":99,"f:460:15:460:16":34,"s:460:33:460:Infinity":100,"f:464:6:464:17":35,"s:466:27:468:Infinity":101,"b:470:8:473:Infinity:undefined:undefined:undefined:undefined":31,"s:470:8:473:Infinity":102,"s:471:10:471:Infinity":103,"s:472:10:472:Infinity":104,"s:476:8:476:Infinity":105,"s:479:29:479:Infinity":106,"s:480:69:480:Infinity":107,"s:482:24:490:Infinity":108,"f:482:24:482:25":36,"s:483:10:483:Infinity":109,"b:484:10:489:Infinity:487:17:489:Infinity":32,"s:484:10:489:Infinity":110,"s:485:12:485:Infinity":111,"s:486:12:486:Infinity":112,"s:488:12:488:Infinity":113,"s:492:8:492:Infinity":114,"s:494:8:521:Infinity":115,"s:495:10:511:Infinity":116,"b:496:12:510:Infinity:498:19:510:Infinity":33,"s:496:12:510:Infinity":117,"s:497:14:497:Infinity":118,"s:499:14:505:Infinity":119,"f:499:38:499:39":37,"s:500:16:504:Infinity":120,"f:500:26:500:27":38,"b:501:18:503:Infinity:undefined:undefined:undefined:undefined":34,"s:501:18:503:Infinity":121,"s:502:20:502:Infinity":122,"b:507:14:509:Infinity:undefined:undefined:undefined:undefined":35,"s:507:14:509:Infinity":123,"s:508:16:508:Infinity":124,"s:513:10:516:Infinity":125,"b:514:37:514:53:514:53:514:Infinity":36,"s:517:10:517:Infinity":126,"s:519:10:519:Infinity":127,"s:520:10:520:Infinity":128,"f:523:15:523:16":39,"s:523:33:523:Infinity":129}}}
,"/Users/wonderwomancode/Projects/fleek/alternatefutures-backend/src/services/build/builder.ts": {"path":"/Users/wonderwomancode/Projects/fleek/alternatefutures-backend/src/services/build/builder.ts","statementMap":{"0":{"start":{"line":20,"column":27},"end":{"line":20,"column":null}},"1":{"start":{"line":21,"column":16},"end":{"line":26,"column":null}},"2":{"start":{"line":22,"column":6},"end":{"line":22,"column":null}},"3":{"start":{"line":23,"column":6},"end":{"line":25,"column":null}},"4":{"start":{"line":24,"column":8},"end":{"line":24,"column":null}},"5":{"start":{"line":28,"column":4},"end":{"line":114,"column":null}},"6":{"start":{"line":30,"column":6},"end":{"line":37,"column":null}},"7":{"start":{"line":31,"column":8},"end":{"line":36,"column":null}},"8":{"start":{"line":40,"column":23},"end":{"line":40,"column":null}},"9":{"start":{"line":41,"column":6},"end":{"line":41,"column":null}},"10":{"start":{"line":43,"column":6},"end":{"line":103,"column":null}},"11":{"start":{"line":45,"column":8},"end":{"line":45,"column":null}},"12":{"start":{"line":46,"column":8},"end":{"line":46,"column":null}},"13":{"start":{"line":47,"column":8},"end":{"line":47,"column":null}},"14":{"start":{"line":49,"column":24},"end":{"line":51,"column":null}},"15":{"start":{"line":54,"column":8},"end":{"line":72,"column":null}},"16":{"start":{"line":55,"column":10},"end":{"line":55,"column":null}},"17":{"start":{"line":56,"column":32},"end":{"line":61,"column":null}},"18":{"start":{"line":63,"column":10},"end":{"line":70,"column":null}},"19":{"start":{"line":64,"column":12},"end":{"line":69,"column":null}},"20":{"start":{"line":71,"column":10},"end":{"line":71,"column":null}},"21":{"start":{"line":75,"column":8},"end":{"line":75,"column":null}},"22":{"start":{"line":76,"column":28},"end":{"line":81,"column":null}},"23":{"start":{"line":83,"column":8},"end":{"line":90,"column":null}},"24":{"start":{"line":84,"column":10},"end":{"line":89,"column":null}},"25":{"start":{"line":92,"column":8},"end":{"line":92,"column":null}},"26":{"start":{"line":94,"column":8},"end":{"line":98,"column":null}},"27":{"start":{"line":101,"column":8},"end":{"line":101,"column":null}},"28":{"start":{"line":102,"column":8},"end":{"line":102,"column":null}},"29":{"start":{"line":105,"column":27},"end":{"line":105,"column":null}},"30":{"start":{"line":106,"column":6},"end":{"line":106,"column":null}},"31":{"start":{"line":108,"column":6},"end":{"line":113,"column":null}},"32":{"start":{"line":123,"column":4},"end":{"line":172,"column":null}},"33":{"start":{"line":124,"column":18},"end":{"line":127,"column":null}},"34":{"start":{"line":130,"column":29},"end":{"line":130,"column":null}},"35":{"start":{"line":132,"column":12},"end":{"line":136,"column":null}},"36":{"start":{"line":138,"column":24},"end":{"line":138,"column":null}},"37":{"start":{"line":140,"column":6},"end":{"line":145,"column":null}},"38":{"start":{"line":141,"column":23},"end":{"line":141,"column":null}},"39":{"start":{"line":142,"column":8},"end":{"line":144,"column":null}},"40":{"start":{"line":143,"column":10},"end":{"line":143,"column":null}},"41":{"start":{"line":147,"column":6},"end":{"line":153,"column":null}},"42":{"start":{"line":148,"column":23},"end":{"line":148,"column":null}},"43":{"start":{"line":149,"column":8},"end":{"line":149,"column":null}},"44":{"start":{"line":150,"column":8},"end":{"line":152,"column":null}},"45":{"start":{"line":151,"column":10},"end":{"line":151,"column":null}},"46":{"start":{"line":155,"column":6},"end":{"line":160,"column":null}},"47":{"start":{"line":156,"column":8},"end":{"line":159,"column":null}},"48":{"start":{"line":162,"column":6},"end":{"line":171,"column":null}},"49":{"start":{"line":163,"column":8},"end":{"line":170,"column":null}},"50":{"start":{"line":164,"column":10},"end":{"line":164,"column":null}},"51":{"start":{"line":166,"column":10},"end":{"line":169,"column":null}},"52":{"start":{"line":176,"column":4},"end":{"line":178,"column":null}},"53":{"start":{"line":177,"column":6},"end":{"line":177,"column":null}},"54":{"start":{"line":180,"column":20},"end":{"line":180,"column":null}},"55":{"start":{"line":182,"column":4},"end":{"line":201,"column":null}},"56":{"start":{"line":183,"column":25},"end":{"line":183,"column":null}},"57":{"start":{"line":184,"column":23},"end":{"line":184,"column":null}},"58":{"start":{"line":187,"column":6},"end":{"line":194,"column":null}},"59":{"start":{"line":193,"column":8},"end":{"line":193,"column":null}},"60":{"start":{"line":196,"column":6},"end":{"line":200,"column":null}},"61":{"start":{"line":197,"column":8},"end":{"line":197,"column":null}},"62":{"start":{"line":199,"column":8},"end":{"line":199,"column":null}},"63":{"start":{"line":205,"column":4},"end":{"line":207,"column":null}},"64":{"start":{"line":206,"column":6},"end":{"line":206,"column":null}}},"fnMap":{"0":{"name":"(anonymous_0)","decl":{"start":{"line":15,"column":8},"end":{"line":15,"column":null}},"loc":{"start":{"line":19,"column":26},"end":{"line":115,"column":null}},"line":19},"1":{"name":"(anonymous_1)","decl":{"start":{"line":21,"column":16},"end":{"line":21,"column":17}},"loc":{"start":{"line":21,"column":37},"end":{"line":26,"column":null}},"line":21},"2":{"name":"(anonymous_2)","decl":{"start":{"line":117,"column":16},"end":{"line":117,"column":null}},"loc":{"start":{"line":122,"column":51},"end":{"line":173,"column":null}},"line":122},"3":{"name":"(anonymous_3)","decl":{"start":{"line":123,"column":23},"end":{"line":123,"column":24}},"loc":{"start":{"line":123,"column":36},"end":{"line":172,"column":5}},"line":123},"4":{"name":"(anonymous_4)","decl":{"start":{"line":140,"column":30},"end":{"line":140,"column":31}},"loc":{"start":{"line":140,"column":40},"end":{"line":145,"column":7}},"line":140},"5":{"name":"(anonymous_5)","decl":{"start":{"line":147,"column":30},"end":{"line":147,"column":31}},"loc":{"start":{"line":147,"column":40},"end":{"line":153,"column":7}},"line":147},"6":{"name":"(anonymous_6)","decl":{"start":{"line":155,"column":24},"end":{"line":155,"column":25}},"loc":{"start":{"line":155,"column":35},"end":{"line":160,"column":7}},"line":155},"7":{"name":"(anonymous_7)","decl":{"start":{"line":162,"column":24},"end":{"line":162,"column":25}},"loc":{"start":{"line":162,"column":34},"end":{"line":171,"column":7}},"line":162},"8":{"name":"(anonymous_8)","decl":{"start":{"line":175,"column":10},"end":{"line":175,"column":24}},"loc":{"start":{"line":175,"column":67},"end":{"line":202,"column":null}},"line":175},"9":{"name":"(anonymous_9)","decl":{"start":{"line":204,"column":2},"end":{"line":204,"column":10}},"loc":{"start":{"line":204,"column":35},"end":{"line":208,"column":null}},"line":204}},"branchMap":{"0":{"loc":{"start":{"line":23,"column":6},"end":{"line":25,"column":null}},"type":"if","locations":[{"start":{"line":23,"column":6},"end":{"line":25,"column":null}},{"start":{},"end":{}}],"line":23},"1":{"loc":{"start":{"line":30,"column":6},"end":{"line":37,"column":null}},"type":"if","locations":[{"start":{"line":30,"column":6},"end":{"line":37,"column":null}},{"start":{},"end":{}}],"line":30},"2":{"loc":{"start":{"line":49,"column":24},"end":{"line":51,"column":null}},"type":"cond-expr","locations":[{"start":{"line":50,"column":12},"end":{"line":50,"column":null}},{"start":{"line":51,"column":12},"end":{"line":51,"column":null}}],"line":49},"3":{"loc":{"start":{"line":54,"column":8},"end":{"line":72,"column":null}},"type":"if","locations":[{"start":{"line":54,"column":8},"end":{"line":72,"column":null}},{"start":{},"end":{}}],"line":54},"4":{"loc":{"start":{"line":63,"column":10},"end":{"line":70,"column":null}},"type":"if","locations":[{"start":{"line":63,"column":10},"end":{"line":70,"column":null}},{"start":{},"end":{}}],"line":63},"5":{"loc":{"start":{"line":83,"column":8},"end":{"line":90,"column":null}},"type":"if","locations":[{"start":{"line":83,"column":8},"end":{"line":90,"column":null}},{"start":{},"end":{}}],"line":83},"6":{"loc":{"start":{"line":105,"column":27},"end":{"line":105,"column":null}},"type":"cond-expr","locations":[{"start":{"line":105,"column":52},"end":{"line":105,"column":68}},{"start":{"line":105,"column":68},"end":{"line":105,"column":null}}],"line":105},"7":{"loc":{"start":{"line":142,"column":8},"end":{"line":144,"column":null}},"type":"if","locations":[{"start":{"line":142,"column":8},"end":{"line":144,"column":null}},{"start":{},"end":{}}],"line":142},"8":{"loc":{"start":{"line":150,"column":8},"end":{"line":152,"column":null}},"type":"if","locations":[{"start":{"line":150,"column":8},"end":{"line":152,"column":null}},{"start":{},"end":{}}],"line":150},"9":{"loc":{"start":{"line":163,"column":8},"end":{"line":170,"column":null}},"type":"if","locations":[{"start":{"line":163,"column":8},"end":{"line":170,"column":null}},{"start":{"line":165,"column":15},"end":{"line":170,"column":null}}],"line":163},"10":{"loc":{"start":{"line":168,"column":19},"end":{"line":168,"column":null}},"type":"binary-expr","locations":[{"start":{"line":168,"column":19},"end":{"line":168,"column":34}},{"start":{"line":168,"column":34},"end":{"line":168,"column":null}}],"line":168},"11":{"loc":{"start":{"line":176,"column":4},"end":{"line":178,"column":null}},"type":"if","locations":[{"start":{"line":176,"column":4},"end":{"line":178,"column":null}},{"start":{},"end":{}}],"line":176},"12":{"loc":{"start":{"line":187,"column":6},"end":{"line":194,"column":null}},"type":"if","locations":[{"start":{"line":187,"column":6},"end":{"line":194,"column":null}},{"start":{},"end":{}}],"line":187},"13":{"loc":{"start":{"line":188,"column":8},"end":{"line":191,"column":null}},"type":"binary-expr","locations":[{"start":{"line":188,"column":8},"end":{"line":188,"column":null}},{"start":{"line":189,"column":8},"end":{"line":189,"column":null}},{"start":{"line":190,"column":8},"end":{"line":190,"column":null}},{"start":{"line":191,"column":8},"end":{"line":191,"column":null}}],"line":188},"14":{"loc":{"start":{"line":196,"column":6},"end":{"line":200,"column":null}},"type":"if","locations":[{"start":{"line":196,"column":6},"end":{"line":200,"column":null}},{"start":{"line":198,"column":13},"end":{"line":200,"column":null}}],"line":196},"15":{"loc":{"start":{"line":205,"column":4},"end":{"line":207,"column":null}},"type":"if","locations":[{"start":{"line":205,"column":4},"end":{"line":207,"column":null}},{"start":{},"end":{}}],"line":205}},"s":{"0":12,"1":12,"2":53,"3":53,"4":6,"5":12,"6":12,"7":3,"8":9,"9":9,"10":9,"11":9,"12":9,"13":9,"14":9,"15":12,"16":2,"17":2,"18":2,"19":1,"20":1,"21":8,"22":8,"23":7,"24":1,"25":6,"26":6,"27":1,"28":1,"29":1,"30":1,"31":1,"32":10,"33":10,"34":10,"35":10,"36":10,"37":10,"38":7,"39":7,"40":7,"41":10,"42":1,"43":1,"44":1,"45":1,"46":10,"47":0,"48":10,"49":9,"50":7,"51":2,"52":11,"53":2,"54":11,"55":11,"56":10,"57":10,"58":10,"59":2,"60":8,"61":2,"62":6,"63":2,"64":1},"f":{"0":12,"1":53,"2":10,"3":10,"4":7,"5":1,"6":0,"7":9,"8":11,"9":2},"b":{"0":[6,47],"1":[3,9],"2":[0,9],"3":[2,10],"4":[1,1],"5":[1,6],"6":[1,0],"7":[7,0],"8":[1,0],"9":[7,2],"10":[2,1],"11":[2,9],"12":[2,8],"13":[10,9,8,8],"14":[2,6],"15":[1,1]},"meta":{"lastBranch":16,"lastFunction":10,"lastStatement":65,"seen":{"f:15:8:15:Infinity":0,"s:20:27:20:Infinity":0,"s:21:16:26:Infinity":1,"f:21:16:21:17":1,"s:22:6:22:Infinity":2,"b:23:6:25:Infinity:undefined:undefined:undefined:undefined":0,"s:23:6:25:Infinity":3,"s:24:8:24:Infinity":4,"s:28:4:114:Infinity":5,"b:30:6:37:Infinity:undefined:undefined:undefined:undefined":1,"s:30:6:37:Infinity":6,"s:31:8:36:Infinity":7,"s:40:23:40:Infinity":8,"s:41:6:41:Infinity":9,"s:43:6:103:Infinity":10,"s:45:8:45:Infinity":11,"s:46:8:46:Infinity":12,"s:47:8:47:Infinity":13,"s:49:24:51:Infinity":14,"b:50:12:50:Infinity:51:12:51:Infinity":2,"b:54:8:72:Infinity:undefined:undefined:undefined:undefined":3,"s:54:8:72:Infinity":15,"s:55:10:55:Infinity":16,"s:56:32:61:Infinity":17,"b:63:10:70:Infinity:undefined:undefined:undefined:undefined":4,"s:63:10:70:Infinity":18,"s:64:12:69:Infinity":19,"s:71:10:71:Infinity":20,"s:75:8:75:Infinity":21,"s:76:28:81:Infinity":22,"b:83:8:90:Infinity:undefined:undefined:undefined:undefined":5,"s:83:8:90:Infinity":23,"s:84:10:89:Infinity":24,"s:92:8:92:Infinity":25,"s:94:8:98:Infinity":26,"s:101:8:101:Infinity":27,"s:102:8:102:Infinity":28,"s:105:27:105:Infinity":29,"b:105:52:105:68:105:68:105:Infinity":6,"s:106:6:106:Infinity":30,"s:108:6:113:Infinity":31,"f:117:16:117:Infinity":2,"s:123:4:172:Infinity":32,"f:123:23:123:24":3,"s:124:18:127:Infinity":33,"s:130:29:130:Infinity":34,"s:132:12:136:Infinity":35,"s:138:24:138:Infinity":36,"s:140:6:145:Infinity":37,"f:140:30:140:31":4,"s:141:23:141:Infinity":38,"b:142:8:144:Infinity:undefined:undefined:undefined:undefined":7,"s:142:8:144:Infinity":39,"s:143:10:143:Infinity":40,"s:147:6:153:Infinity":41,"f:147:30:147:31":5,"s:148:23:148:Infinity":42,"s:149:8:149:Infinity":43,"b:150:8:152:Infinity:undefined:undefined:undefined:undefined":8,"s:150:8:152:Infinity":44,"s:151:10:151:Infinity":45,"s:155:6:160:Infinity":46,"f:155:24:155:25":6,"s:156:8:159:Infinity":47,"s:162:6:171:Infinity":48,"f:162:24:162:25":7,"b:163:8:170:Infinity:165:15:170:Infinity":9,"s:163:8:170:Infinity":49,"s:164:10:164:Infinity":50,"s:166:10:169:Infinity":51,"b:168:19:168:34:168:34:168:Infinity":10,"f:175:10:175:24":8,"b:176:4:178:Infinity:undefined:undefined:undefined:undefined":11,"s:176:4:178:Infinity":52,"s:177:6:177:Infinity":53,"s:180:20:180:Infinity":54,"s:182:4:201:Infinity":55,"s:183:25:183:Infinity":56,"s:184:23:184:Infinity":57,"b:187:6:194:Infinity:undefined:undefined:undefined:undefined":12,"s:187:6:194:Infinity":58,"b:188:8:188:Infinity:189:8:189:Infinity:190:8:190:Infinity:191:8:191:Infinity":13,"s:193:8:193:Infinity":59,"b:196:6:200:Infinity:198:13:200:Infinity":14,"s:196:6:200:Infinity":60,"s:197:8:197:Infinity":61,"s:199:8:199:Infinity":62,"f:204:2:204:10":9,"b:205:4:207:Infinity:undefined:undefined:undefined:undefined":15,"s:205:4:207:Infinity":63,"s:206:6:206:Infinity":64}}}
,"/Users/wonderwomancode/Projects/fleek/alternatefutures-backend/src/services/deployment/deployer.ts": {"path":"/Users/wonderwomancode/Projects/fleek/alternatefutures-backend/src/services/deployment/deployer.ts","statementMap":{"0":{"start":{"line":20,"column":22},"end":{"line":20,"column":44}},"1":{"start":{"line":26,"column":84},"end":{"line":26,"column":null}},"2":{"start":{"line":27,"column":38},"end":{"line":27,"column":null}},"3":{"start":{"line":30,"column":23},"end":{"line":37,"column":null}},"4":{"start":{"line":39,"column":25},"end":{"line":39,"column":null}},"5":{"start":{"line":42,"column":20},"end":{"line":50,"column":null}},"6":{"start":{"line":43,"column":6},"end":{"line":48,"column":null}},"7":{"start":{"line":49,"column":6},"end":{"line":49,"column":null}},"8":{"start":{"line":53,"column":23},"end":{"line":60,"column":null}},"9":{"start":{"line":54,"column":6},"end":{"line":58,"column":null}},"10":{"start":{"line":59,"column":6},"end":{"line":59,"column":null}},"11":{"start":{"line":62,"column":4},"end":{"line":164,"column":null}},"12":{"start":{"line":63,"column":28},"end":{"line":63,"column":null}},"13":{"start":{"line":66,"column":6},"end":{"line":104,"column":null}},"14":{"start":{"line":67,"column":8},"end":{"line":67,"column":null}},"15":{"start":{"line":68,"column":8},"end":{"line":71,"column":null}},"16":{"start":{"line":73,"column":8},"end":{"line":73,"column":null}},"17":{"start":{"line":74,"column":29},"end":{"line":74,"column":null}},"18":{"start":{"line":75,"column":28},"end":{"line":79,"column":null}},"19":{"start":{"line":81,"column":8},"end":{"line":96,"column":null}},"20":{"start":{"line":82,"column":10},"end":{"line":85,"column":null}},"21":{"start":{"line":87,"column":10},"end":{"line":87,"column":null}},"22":{"start":{"line":88,"column":10},"end":{"line":88,"column":null}},"23":{"start":{"line":91,"column":10},"end":{"line":93,"column":null}},"24":{"start":{"line":92,"column":12},"end":{"line":92,"column":null}},"25":{"start":{"line":95,"column":10},"end":{"line":95,"column":null}},"26":{"start":{"line":98,"column":8},"end":{"line":98,"column":null}},"27":{"start":{"line":101,"column":8},"end":{"line":103,"column":null}},"28":{"start":{"line":107,"column":6},"end":{"line":107,"column":null}},"29":{"start":{"line":108,"column":6},"end":{"line":111,"column":null}},"30":{"start":{"line":113,"column":6},"end":{"line":113,"column":null}},"31":{"start":{"line":114,"column":29},"end":{"line":114,"column":null}},"32":{"start":{"line":115,"column":27},"end":{"line":115,"column":null}},"33":{"start":{"line":117,"column":6},"end":{"line":117,"column":null}},"34":{"start":{"line":120,"column":6},"end":{"line":126,"column":null}},"35":{"start":{"line":129,"column":6},"end":{"line":136,"column":null}},"36":{"start":{"line":138,"column":6},"end":{"line":138,"column":null}},"37":{"start":{"line":139,"column":6},"end":{"line":139,"column":null}},"38":{"start":{"line":142,"column":6},"end":{"line":145,"column":null}},"39":{"start":{"line":143,"column":29},"end":{"line":143,"column":null}},"40":{"start":{"line":144,"column":8},"end":{"line":144,"column":null}},"41":{"start":{"line":147,"column":6},"end":{"line":151,"column":null}},"42":{"start":{"line":154,"column":6},"end":{"line":157,"column":null}},"43":{"start":{"line":159,"column":6},"end":{"line":159,"column":null}},"44":{"start":{"line":160,"column":27},"end":{"line":160,"column":null}},"45":{"start":{"line":161,"column":6},"end":{"line":161,"column":null}},"46":{"start":{"line":163,"column":6},"end":{"line":163,"column":null}}},"fnMap":{"0":{"name":"(anonymous_0)","decl":{"start":{"line":20,"column":2},"end":{"line":20,"column":22}},"loc":{"start":{"line":20,"column":44},"end":{"line":20,"column":null}},"line":20},"1":{"name":"(anonymous_1)","decl":{"start":{"line":22,"column":8},"end":{"line":22,"column":null}},"loc":{"start":{"line":25,"column":65},"end":{"line":165,"column":null}},"line":25},"2":{"name":"(anonymous_2)","decl":{"start":{"line":42,"column":20},"end":{"line":42,"column":21}},"loc":{"start":{"line":42,"column":84},"end":{"line":50,"column":null}},"line":42},"3":{"name":"(anonymous_3)","decl":{"start":{"line":53,"column":23},"end":{"line":53,"column":24}},"loc":{"start":{"line":53,"column":43},"end":{"line":60,"column":null}},"line":53}},"branchMap":{"0":{"loc":{"start":{"line":27,"column":38},"end":{"line":27,"column":null}},"type":"binary-expr","locations":[{"start":{"line":27,"column":38},"end":{"line":27,"column":51}},{"start":{"line":27,"column":51},"end":{"line":27,"column":null}}],"line":27},"1":{"loc":{"start":{"line":42,"column":38},"end":{"line":42,"column":84}},"type":"default-arg","locations":[{"start":{"line":42,"column":73},"end":{"line":42,"column":84}}],"line":42},"2":{"loc":{"start":{"line":66,"column":6},"end":{"line":104,"column":null}},"type":"if","locations":[{"start":{"line":66,"column":6},"end":{"line":104,"column":null}},{"start":{},"end":{}}],"line":66},"3":{"loc":{"start":{"line":81,"column":8},"end":{"line":96,"column":null}},"type":"if","locations":[{"start":{"line":81,"column":8},"end":{"line":96,"column":null}},{"start":{},"end":{}}],"line":81},"4":{"loc":{"start":{"line":91,"column":10},"end":{"line":93,"column":null}},"type":"if","locations":[{"start":{"line":91,"column":10},"end":{"line":93,"column":null}},{"start":{},"end":{}}],"line":91},"5":{"loc":{"start":{"line":101,"column":26},"end":{"line":103,"column":null}},"type":"cond-expr","locations":[{"start":{"line":102,"column":12},"end":{"line":102,"column":null}},{"start":{"line":103,"column":12},"end":{"line":103,"column":null}}],"line":101},"6":{"loc":{"start":{"line":142,"column":6},"end":{"line":145,"column":null}},"type":"if","locations":[{"start":{"line":142,"column":6},"end":{"line":145,"column":null}},{"start":{},"end":{}}],"line":142},"7":{"loc":{"start":{"line":160,"column":27},"end":{"line":160,"column":null}},"type":"cond-expr","locations":[{"start":{"line":160,"column":52},"end":{"line":160,"column":68}},{"start":{"line":160,"column":68},"end":{"line":160,"column":null}}],"line":160}},"s":{"0":16,"1":18,"2":18,"3":18,"4":18,"5":18,"6":59,"7":59,"8":18,"9":43,"10":43,"11":18,"12":18,"13":18,"14":7,"15":7,"16":7,"17":7,"18":7,"19":7,"20":3,"21":3,"22":3,"23":3,"24":2,"25":3,"26":4,"27":4,"28":15,"29":15,"30":15,"31":15,"32":15,"33":12,"34":12,"35":12,"36":12,"37":12,"38":12,"39":4,"40":4,"41":12,"42":6,"43":6,"44":6,"45":6,"46":6},"f":{"0":16,"1":18,"2":59,"3":43},"b":{"0":[18,15],"1":[59],"2":[7,11],"3":[3,4],"4":[2,1],"5":[1,3],"6":[4,8],"7":[6,0]},"meta":{"lastBranch":8,"lastFunction":4,"lastStatement":47,"seen":{"f:20:2:20:22":0,"s:20:22:20:44":0,"f:22:8:22:Infinity":1,"s:26:84:26:Infinity":1,"s:27:38:27:Infinity":2,"b:27:38:27:51:27:51:27:Infinity":0,"s:30:23:37:Infinity":3,"s:39:25:39:Infinity":4,"s:42:20:50:Infinity":5,"f:42:20:42:21":2,"b:42:73:42:84":1,"s:43:6:48:Infinity":6,"s:49:6:49:Infinity":7,"s:53:23:60:Infinity":8,"f:53:23:53:24":3,"s:54:6:58:Infinity":9,"s:59:6:59:Infinity":10,"s:62:4:164:Infinity":11,"s:63:28:63:Infinity":12,"b:66:6:104:Infinity:undefined:undefined:undefined:undefined":2,"s:66:6:104:Infinity":13,"s:67:8:67:Infinity":14,"s:68:8:71:Infinity":15,"s:73:8:73:Infinity":16,"s:74:29:74:Infinity":17,"s:75:28:79:Infinity":18,"b:81:8:96:Infinity:undefined:undefined:undefined:undefined":3,"s:81:8:96:Infinity":19,"s:82:10:85:Infinity":20,"s:87:10:87:Infinity":21,"s:88:10:88:Infinity":22,"b:91:10:93:Infinity:undefined:undefined:undefined:undefined":4,"s:91:10:93:Infinity":23,"s:92:12:92:Infinity":24,"s:95:10:95:Infinity":25,"s:98:8:98:Infinity":26,"s:101:8:103:Infinity":27,"b:102:12:102:Infinity:103:12:103:Infinity":5,"s:107:6:107:Infinity":28,"s:108:6:111:Infinity":29,"s:113:6:113:Infinity":30,"s:114:29:114:Infinity":31,"s:115:27:115:Infinity":32,"s:117:6:117:Infinity":33,"s:120:6:126:Infinity":34,"s:129:6:136:Infinity":35,"s:138:6:138:Infinity":36,"s:139:6:139:Infinity":37,"b:142:6:145:Infinity:undefined:undefined:undefined:undefined":6,"s:142:6:145:Infinity":38,"s:143:29:143:Infinity":39,"s:144:8:144:Infinity":40,"s:147:6:151:Infinity":41,"s:154:6:157:Infinity":42,"s:159:6:159:Infinity":43,"s:160:27:160:Infinity":44,"b:160:52:160:68:160:68:160:Infinity":7,"s:161:6:161:Infinity":45,"s:163:6:163:Infinity":46}}}
,"/Users/wonderwomancode/Projects/fleek/alternatefutures-backend/src/services/deployment/index.ts": {"path":"/Users/wonderwomancode/Projects/fleek/alternatefutures-backend/src/services/deployment/index.ts","statementMap":{},"fnMap":{},"branchMap":{},"s":{},"f":{},"b":{},"meta":{"lastBranch":0,"lastFunction":0,"lastStatement":0,"seen":{}}}
,"/Users/wonderwomancode/Projects/fleek/alternatefutures-backend/src/services/events/deploymentEvents.ts": {"path":"/Users/wonderwomancode/Projects/fleek/alternatefutures-backend/src/services/events/deploymentEvents.ts","statementMap":{"0":{"start":{"line":18,"column":4},"end":{"line":18,"column":null}},"1":{"start":{"line":19,"column":4},"end":{"line":19,"column":null}},"2":{"start":{"line":23,"column":4},"end":{"line":23,"column":null}},"3":{"start":{"line":24,"column":4},"end":{"line":24,"column":null}},"4":{"start":{"line":28,"column":4},"end":{"line":28,"column":null}},"5":{"start":{"line":32,"column":4},"end":{"line":32,"column":null}},"6":{"start":{"line":36,"column":4},"end":{"line":36,"column":null}},"7":{"start":{"line":40,"column":4},"end":{"line":40,"column":null}},"8":{"start":{"line":45,"column":32},"end":{"line":45,"column":null}}},"fnMap":{"0":{"name":"(anonymous_0)","decl":{"start":{"line":17,"column":2},"end":{"line":17,"column":10}},"loc":{"start":{"line":17,"column":37},"end":{"line":20,"column":null}},"line":17},"1":{"name":"(anonymous_1)","decl":{"start":{"line":22,"column":2},"end":{"line":22,"column":13}},"loc":{"start":{"line":22,"column":43},"end":{"line":25,"column":null}},"line":22},"2":{"name":"(anonymous_2)","decl":{"start":{"line":27,"column":2},"end":{"line":27,"column":8}},"loc":{"start":{"line":27,"column":76},"end":{"line":29,"column":null}},"line":27},"3":{"name":"(anonymous_3)","decl":{"start":{"line":31,"column":2},"end":{"line":31,"column":11}},"loc":{"start":{"line":31,"column":82},"end":{"line":33,"column":null}},"line":31},"4":{"name":"(anonymous_4)","decl":{"start":{"line":35,"column":2},"end":{"line":35,"column":20}},"loc":{"start":{"line":35,"column":88},"end":{"line":37,"column":null}},"line":35},"5":{"name":"(anonymous_5)","decl":{"start":{"line":39,"column":2},"end":{"line":39,"column":23}},"loc":{"start":{"line":39,"column":94},"end":{"line":41,"column":null}},"line":39}},"branchMap":{},"s":{"0":9,"1":9,"2":11,"3":11,"4":8,"5":8,"6":1,"7":1,"8":6},"f":{"0":9,"1":11,"2":8,"3":8,"4":1,"5":1},"b":{},"meta":{"lastBranch":0,"lastFunction":6,"lastStatement":9,"seen":{"f:17:2:17:10":0,"s:18:4:18:Infinity":0,"s:19:4:19:Infinity":1,"f:22:2:22:13":1,"s:23:4:23:Infinity":2,"s:24:4:24:Infinity":3,"f:27:2:27:8":2,"s:28:4:28:Infinity":4,"f:31:2:31:11":3,"s:32:4:32:Infinity":5,"f:35:2:35:20":4,"s:36:4:36:Infinity":6,"f:39:2:39:23":5,"s:40:4:40:Infinity":7,"s:45:32:45:Infinity":8}}}
,"/Users/wonderwomancode/Projects/fleek/alternatefutures-backend/src/services/events/index.ts": {"path":"/Users/wonderwomancode/Projects/fleek/alternatefutures-backend/src/services/events/index.ts","statementMap":{},"fnMap":{},"branchMap":{},"s":{},"f":{},"b":{},"meta":{"lastBranch":0,"lastFunction":0,"lastStatement":0,"seen":{}}}
,"/Users/wonderwomancode/Projects/fleek/alternatefutures-backend/src/services/monitoring/subscriptionHealthCheck.ts": {"path":"/Users/wonderwomancode/Projects/fleek/alternatefutures-backend/src/services/monitoring/subscriptionHealthCheck.ts","statementMap":{"0":{"start":{"line":23,"column":41},"end":{"line":30,"column":null}},"1":{"start":{"line":32,"column":39},"end":{"line":32,"column":null}},"2":{"start":{"line":33,"column":40},"end":{"line":33,"column":null}},"3":{"start":{"line":36,"column":4},"end":{"line":36,"column":null}},"4":{"start":{"line":37,"column":4},"end":{"line":37,"column":null}},"5":{"start":{"line":38,"column":4},"end":{"line":38,"column":null}},"6":{"start":{"line":42,"column":4},"end":{"line":42,"column":null}},"7":{"start":{"line":43,"column":4},"end":{"line":43,"column":null}},"8":{"start":{"line":44,"column":4},"end":{"line":44,"column":null}},"9":{"start":{"line":48,"column":4},"end":{"line":48,"column":null}},"10":{"start":{"line":49,"column":4},"end":{"line":49,"column":null}},"11":{"start":{"line":53,"column":23},"end":{"line":57,"column":null}},"12":{"start":{"line":59,"column":4},"end":{"line":59,"column":null}},"13":{"start":{"line":62,"column":4},"end":{"line":64,"column":null}},"14":{"start":{"line":63,"column":6},"end":{"line":63,"column":null}},"15":{"start":{"line":66,"column":4},"end":{"line":66,"column":null}},"16":{"start":{"line":70,"column":4},"end":{"line":70,"column":null}},"17":{"start":{"line":74,"column":29},"end":{"line":74,"column":null}},"18":{"start":{"line":75,"column":55},"end":{"line":75,"column":null}},"19":{"start":{"line":78,"column":25},"end":{"line":80,"column":null}},"20":{"start":{"line":79,"column":17},"end":{"line":79,"column":null}},"21":{"start":{"line":82,"column":4},"end":{"line":88,"column":null}},"22":{"start":{"line":83,"column":6},"end":{"line":83,"column":null}},"23":{"start":{"line":84,"column":6},"end":{"line":84,"column":null}},"24":{"start":{"line":85,"column":4},"end":{"line":88,"column":null}},"25":{"start":{"line":86,"column":6},"end":{"line":86,"column":null}},"26":{"start":{"line":87,"column":6},"end":{"line":87,"column":null}},"27":{"start":{"line":91,"column":4},"end":{"line":101,"column":null}},"28":{"start":{"line":92,"column":33},"end":{"line":92,"column":null}},"29":{"start":{"line":93,"column":6},"end":{"line":100,"column":null}},"30":{"start":{"line":94,"column":8},"end":{"line":98,"column":null}},"31":{"start":{"line":99,"column":8},"end":{"line":99,"column":null}},"32":{"start":{"line":104,"column":4},"end":{"line":114,"column":null}},"33":{"start":{"line":105,"column":6},"end":{"line":107,"column":null}},"34":{"start":{"line":108,"column":6},"end":{"line":108,"column":null}},"35":{"start":{"line":109,"column":4},"end":{"line":114,"column":null}},"36":{"start":{"line":110,"column":6},"end":{"line":112,"column":null}},"37":{"start":{"line":113,"column":6},"end":{"line":113,"column":null}},"38":{"start":{"line":116,"column":4},"end":{"line":120,"column":null}},"39":{"start":{"line":124,"column":4},"end":{"line":131,"column":null}},"40":{"start":{"line":135,"column":41},"end":{"line":135,"column":null}}},"fnMap":{"0":{"name":"(anonymous_0)","decl":{"start":{"line":35,"column":2},"end":{"line":35,"column":27}},"loc":{"start":{"line":35,"column":55},"end":{"line":39,"column":null}},"line":35},"1":{"name":"(anonymous_1)","decl":{"start":{"line":41,"column":2},"end":{"line":41,"column":26}},"loc":{"start":{"line":41,"column":54},"end":{"line":45,"column":null}},"line":41},"2":{"name":"(anonymous_2)","decl":{"start":{"line":47,"column":2},"end":{"line":47,"column":28}},"loc":{"start":{"line":47,"column":28},"end":{"line":50,"column":null}},"line":47},"3":{"name":"(anonymous_3)","decl":{"start":{"line":52,"column":2},"end":{"line":52,"column":13}},"loc":{"start":{"line":52,"column":57},"end":{"line":67,"column":null}},"line":52},"4":{"name":"(anonymous_4)","decl":{"start":{"line":69,"column":2},"end":{"line":69,"column":36}},"loc":{"start":{"line":69,"column":36},"end":{"line":71,"column":null}},"line":69},"5":{"name":"(anonymous_5)","decl":{"start":{"line":73,"column":2},"end":{"line":73,"column":42}},"loc":{"start":{"line":73,"column":42},"end":{"line":121,"column":null}},"line":73},"6":{"name":"(anonymous_6)","decl":{"start":{"line":79,"column":6},"end":{"line":79,"column":7}},"loc":{"start":{"line":79,"column":17},"end":{"line":79,"column":null}},"line":79},"7":{"name":"(anonymous_7)","decl":{"start":{"line":123,"column":2},"end":{"line":123,"column":16}},"loc":{"start":{"line":123,"column":16},"end":{"line":132,"column":null}},"line":123}},"branchMap":{"0":{"loc":{"start":{"line":62,"column":4},"end":{"line":64,"column":null}},"type":"if","locations":[{"start":{"line":62,"column":4},"end":{"line":64,"column":null}},{"start":{},"end":{}}],"line":62},"1":{"loc":{"start":{"line":82,"column":4},"end":{"line":88,"column":null}},"type":"if","locations":[{"start":{"line":82,"column":4},"end":{"line":88,"column":null}},{"start":{"line":85,"column":4},"end":{"line":88,"column":null}}],"line":82},"2":{"loc":{"start":{"line":85,"column":4},"end":{"line":88,"column":null}},"type":"if","locations":[{"start":{"line":85,"column":4},"end":{"line":88,"column":null}},{"start":{},"end":{}}],"line":85},"3":{"loc":{"start":{"line":91,"column":4},"end":{"line":101,"column":null}},"type":"if","locations":[{"start":{"line":91,"column":4},"end":{"line":101,"column":null}},{"start":{},"end":{}}],"line":91},"4":{"loc":{"start":{"line":91,"column":8},"end":{"line":91,"column":81}},"type":"binary-expr","locations":[{"start":{"line":91,"column":8},"end":{"line":91,"column":48}},{"start":{"line":91,"column":48},"end":{"line":91,"column":81}}],"line":91},"5":{"loc":{"start":{"line":93,"column":6},"end":{"line":100,"column":null}},"type":"if","locations":[{"start":{"line":93,"column":6},"end":{"line":100,"column":null}},{"start":{},"end":{}}],"line":93},"6":{"loc":{"start":{"line":99,"column":17},"end":{"line":99,"column":null}},"type":"cond-expr","locations":[{"start":{"line":99,"column":42},"end":{"line":99,"column":56}},{"start":{"line":99,"column":56},"end":{"line":99,"column":null}}],"line":99},"7":{"loc":{"start":{"line":104,"column":4},"end":{"line":114,"column":null}},"type":"if","locations":[{"start":{"line":104,"column":4},"end":{"line":114,"column":null}},{"start":{"line":109,"column":4},"end":{"line":114,"column":null}}],"line":104},"8":{"loc":{"start":{"line":109,"column":4},"end":{"line":114,"column":null}},"type":"if","locations":[{"start":{"line":109,"column":4},"end":{"line":114,"column":null}},{"start":{},"end":{}}],"line":109},"9":{"loc":{"start":{"line":113,"column":15},"end":{"line":113,"column":null}},"type":"cond-expr","locations":[{"start":{"line":113,"column":40},"end":{"line":113,"column":54}},{"start":{"line":113,"column":54},"end":{"line":113,"column":null}}],"line":113}},"s":{"0":6,"1":6,"2":6,"3":1510,"4":1510,"5":1510,"6":3,"7":3,"8":3,"9":6,"10":6,"11":174,"12":174,"13":174,"14":50,"15":174,"16":18,"17":8,"18":8,"19":8,"20":18,"21":8,"22":1,"23":1,"24":7,"25":1,"26":1,"27":8,"28":2,"29":2,"30":1,"31":1,"32":8,"33":1,"34":1,"35":7,"36":1,"37":1,"38":8,"39":19,"40":6},"f":{"0":1510,"1":3,"2":6,"3":174,"4":18,"5":8,"6":18,"7":19},"b":{"0":[50,124],"1":[1,7],"2":[1,6],"3":[2,6],"4":[8,4],"5":[1,1],"6":[0,1],"7":[1,7],"8":[1,6],"9":[0,1]},"meta":{"lastBranch":10,"lastFunction":8,"lastStatement":41,"seen":{"s:23:41:30:Infinity":0,"s:32:39:32:Infinity":1,"s:33:40:33:Infinity":2,"f:35:2:35:27":0,"s:36:4:36:Infinity":3,"s:37:4:37:Infinity":4,"s:38:4:38:Infinity":5,"f:41:2:41:26":1,"s:42:4:42:Infinity":6,"s:43:4:43:Infinity":7,"s:44:4:44:Infinity":8,"f:47:2:47:28":2,"s:48:4:48:Infinity":9,"s:49:4:49:Infinity":10,"f:52:2:52:13":3,"s:53:23:57:Infinity":11,"s:59:4:59:Infinity":12,"b:62:4:64:Infinity:undefined:undefined:undefined:undefined":0,"s:62:4:64:Infinity":13,"s:63:6:63:Infinity":14,"s:66:4:66:Infinity":15,"f:69:2:69:36":4,"s:70:4:70:Infinity":16,"f:73:2:73:42":5,"s:74:29:74:Infinity":17,"s:75:55:75:Infinity":18,"s:78:25:80:Infinity":19,"f:79:6:79:7":6,"s:79:17:79:Infinity":20,"b:82:4:88:Infinity:85:4:88:Infinity":1,"s:82:4:88:Infinity":21,"s:83:6:83:Infinity":22,"s:84:6:84:Infinity":23,"b:85:4:88:Infinity:undefined:undefined:undefined:undefined":2,"s:85:4:88:Infinity":24,"s:86:6:86:Infinity":25,"s:87:6:87:Infinity":26,"b:91:4:101:Infinity:undefined:undefined:undefined:undefined":3,"s:91:4:101:Infinity":27,"b:91:8:91:48:91:48:91:81":4,"s:92:33:92:Infinity":28,"b:93:6:100:Infinity:undefined:undefined:undefined:undefined":5,"s:93:6:100:Infinity":29,"s:94:8:98:Infinity":30,"s:99:8:99:Infinity":31,"b:99:42:99:56:99:56:99:Infinity":6,"b:104:4:114:Infinity:109:4:114:Infinity":7,"s:104:4:114:Infinity":32,"s:105:6:107:Infinity":33,"s:108:6:108:Infinity":34,"b:109:4:114:Infinity:undefined:undefined:undefined:undefined":8,"s:109:4:114:Infinity":35,"s:110:6:112:Infinity":36,"s:113:6:113:Infinity":37,"b:113:40:113:54:113:54:113:Infinity":9,"s:116:4:120:Infinity":38,"f:123:2:123:16":7,"s:124:4:131:Infinity":39,"s:135:41:135:Infinity":40}}}
,"/Users/wonderwomancode/Projects/fleek/alternatefutures-backend/src/services/storage/arweave.ts": {"path":"/Users/wonderwomancode/Projects/fleek/alternatefutures-backend/src/services/storage/arweave.ts","statementMap":{"0":{"start":{"line":8,"column":24},"end":{"line":8,"column":null}},"1":{"start":{"line":10,"column":22},"end":{"line":10,"column":43}},"2":{"start":{"line":11,"column":4},"end":{"line":11,"column":null}},"3":{"start":{"line":15,"column":4},"end":{"line":15,"column":null}},"4":{"start":{"line":15,"column":26},"end":{"line":15,"column":null}},"5":{"start":{"line":17,"column":4},"end":{"line":19,"column":null}},"6":{"start":{"line":18,"column":6},"end":{"line":18,"column":null}},"7":{"start":{"line":21,"column":4},"end":{"line":34,"column":null}},"8":{"start":{"line":23,"column":18},"end":{"line":25,"column":null}},"9":{"start":{"line":27,"column":6},"end":{"line":29,"column":null}},"10":{"start":{"line":31,"column":6},"end":{"line":31,"column":null}},"11":{"start":{"line":33,"column":6},"end":{"line":33,"column":null}},"12":{"start":{"line":38,"column":4},"end":{"line":38,"column":null}},"13":{"start":{"line":40,"column":4},"end":{"line":62,"column":null}},"14":{"start":{"line":41,"column":21},"end":{"line":41,"column":null}},"15":{"start":{"line":43,"column":27},"end":{"line":52,"column":null}},"16":{"start":{"line":44,"column":33},"end":{"line":44,"column":null}},"17":{"start":{"line":45,"column":31},"end":{"line":45,"column":null}},"18":{"start":{"line":54,"column":6},"end":{"line":59,"column":null}},"19":{"start":{"line":61,"column":6},"end":{"line":61,"column":null}},"20":{"start":{"line":66,"column":4},"end":{"line":66,"column":null}},"21":{"start":{"line":68,"column":4},"end":{"line":130,"column":null}},"22":{"start":{"line":70,"column":6},"end":{"line":72,"column":null}},"23":{"start":{"line":71,"column":8},"end":{"line":71,"column":null}},"24":{"start":{"line":75,"column":20},"end":{"line":75,"column":null}},"25":{"start":{"line":77,"column":6},"end":{"line":79,"column":null}},"26":{"start":{"line":78,"column":8},"end":{"line":78,"column":null}},"27":{"start":{"line":82,"column":44},"end":{"line":89,"column":null}},"28":{"start":{"line":92,"column":6},"end":{"line":109,"column":null}},"29":{"start":{"line":93,"column":29},"end":{"line":93,"column":null}},"30":{"start":{"line":94,"column":27},"end":{"line":94,"column":null}},"31":{"start":{"line":96,"column":29},"end":{"line":104,"column":null}},"32":{"start":{"line":97,"column":35},"end":{"line":97,"column":null}},"33":{"start":{"line":98,"column":33},"end":{"line":98,"column":null}},"34":{"start":{"line":106,"column":8},"end":{"line":108,"column":null}},"35":{"start":{"line":112,"column":29},"end":{"line":112,"column":null}},"36":{"start":{"line":113,"column":29},"end":{"line":121,"column":null}},"37":{"start":{"line":114,"column":33},"end":{"line":114,"column":null}},"38":{"start":{"line":115,"column":31},"end":{"line":115,"column":null}},"39":{"start":{"line":123,"column":6},"end":{"line":127,"column":null}},"40":{"start":{"line":129,"column":6},"end":{"line":129,"column":null}},"41":{"start":{"line":134,"column":20},"end":{"line":134,"column":null}},"42":{"start":{"line":136,"column":4},"end":{"line":143,"column":null}},"43":{"start":{"line":137,"column":23},"end":{"line":137,"column":null}},"44":{"start":{"line":138,"column":6},"end":{"line":142,"column":null}},"45":{"start":{"line":139,"column":8},"end":{"line":139,"column":null}},"46":{"start":{"line":141,"column":8},"end":{"line":141,"column":null}},"47":{"start":{"line":145,"column":4},"end":{"line":145,"column":null}},"48":{"start":{"line":149,"column":16},"end":{"line":149,"column":null}},"49":{"start":{"line":150,"column":49},"end":{"line":161,"column":null}},"50":{"start":{"line":163,"column":4},"end":{"line":163,"column":null}}},"fnMap":{"0":{"name":"(anonymous_0)","decl":{"start":{"line":10,"column":2},"end":{"line":10,"column":22}},"loc":{"start":{"line":10,"column":43},"end":{"line":12,"column":null}},"line":10},"1":{"name":"(anonymous_1)","decl":{"start":{"line":14,"column":16},"end":{"line":14,"column":29}},"loc":{"start":{"line":14,"column":29},"end":{"line":35,"column":null}},"line":14},"2":{"name":"(anonymous_2)","decl":{"start":{"line":37,"column":8},"end":{"line":37,"column":15}},"loc":{"start":{"line":37,"column":79},"end":{"line":63,"column":null}},"line":37},"3":{"name":"(anonymous_3)","decl":{"start":{"line":44,"column":27},"end":{"line":44,"column":33}},"loc":{"start":{"line":44,"column":33},"end":{"line":44,"column":null}},"line":44},"4":{"name":"(anonymous_4)","decl":{"start":{"line":45,"column":25},"end":{"line":45,"column":31}},"loc":{"start":{"line":45,"column":31},"end":{"line":45,"column":null}},"line":45},"5":{"name":"(anonymous_5)","decl":{"start":{"line":65,"column":8},"end":{"line":65,"column":24}},"loc":{"start":{"line":65,"column":64},"end":{"line":131,"column":null}},"line":65},"6":{"name":"(anonymous_6)","decl":{"start":{"line":97,"column":29},"end":{"line":97,"column":35}},"loc":{"start":{"line":97,"column":35},"end":{"line":97,"column":null}},"line":97},"7":{"name":"(anonymous_7)","decl":{"start":{"line":98,"column":27},"end":{"line":98,"column":33}},"loc":{"start":{"line":98,"column":33},"end":{"line":98,"column":null}},"line":98},"8":{"name":"(anonymous_8)","decl":{"start":{"line":114,"column":27},"end":{"line":114,"column":33}},"loc":{"start":{"line":114,"column":33},"end":{"line":114,"column":null}},"line":114},"9":{"name":"(anonymous_9)","decl":{"start":{"line":115,"column":25},"end":{"line":115,"column":31}},"loc":{"start":{"line":115,"column":31},"end":{"line":115,"column":null}},"line":115},"10":{"name":"(anonymous_10)","decl":{"start":{"line":133,"column":10},"end":{"line":133,"column":22}},"loc":{"start":{"line":133,"column":71},"end":{"line":146,"column":null}},"line":133},"11":{"name":"(anonymous_11)","decl":{"start":{"line":148,"column":10},"end":{"line":148,"column":25}},"loc":{"start":{"line":148,"column":51},"end":{"line":164,"column":null}},"line":148}},"branchMap":{"0":{"loc":{"start":{"line":11,"column":22},"end":{"line":11,"column":null}},"type":"binary-expr","locations":[{"start":{"line":11,"column":22},"end":{"line":11,"column":36}},{"start":{"line":11,"column":36},"end":{"line":11,"column":null}}],"line":11},"1":{"loc":{"start":{"line":15,"column":4},"end":{"line":15,"column":null}},"type":"if","locations":[{"start":{"line":15,"column":4},"end":{"line":15,"column":null}},{"start":{},"end":{}}],"line":15},"2":{"loc":{"start":{"line":17,"column":4},"end":{"line":19,"column":null}},"type":"if","locations":[{"start":{"line":17,"column":4},"end":{"line":19,"column":null}},{"start":{},"end":{}}],"line":17},"3":{"loc":{"start":{"line":23,"column":18},"end":{"line":25,"column":null}},"type":"cond-expr","locations":[{"start":{"line":24,"column":10},"end":{"line":24,"column":null}},{"start":{"line":25,"column":10},"end":{"line":25,"column":null}}],"line":23},"4":{"loc":{"start":{"line":33,"column":62},"end":{"line":33,"column":118}},"type":"cond-expr","locations":[{"start":{"line":33,"column":87},"end":{"line":33,"column":103}},{"start":{"line":33,"column":103},"end":{"line":33,"column":118}}],"line":33},"5":{"loc":{"start":{"line":41,"column":21},"end":{"line":41,"column":null}},"type":"cond-expr","locations":[{"start":{"line":41,"column":48},"end":{"line":41,"column":68}},{"start":{"line":41,"column":68},"end":{"line":41,"column":null}}],"line":41},"6":{"loc":{"start":{"line":61,"column":48},"end":{"line":61,"column":104}},"type":"cond-expr","locations":[{"start":{"line":61,"column":73},"end":{"line":61,"column":89}},{"start":{"line":61,"column":89},"end":{"line":61,"column":104}}],"line":61},"7":{"loc":{"start":{"line":70,"column":6},"end":{"line":72,"column":null}},"type":"if","locations":[{"start":{"line":70,"column":6},"end":{"line":72,"column":null}},{"start":{},"end":{}}],"line":70},"8":{"loc":{"start":{"line":77,"column":6},"end":{"line":79,"column":null}},"type":"if","locations":[{"start":{"line":77,"column":6},"end":{"line":79,"column":null}},{"start":{},"end":{}}],"line":77},"9":{"loc":{"start":{"line":129,"column":58},"end":{"line":129,"column":114}},"type":"cond-expr","locations":[{"start":{"line":129,"column":83},"end":{"line":129,"column":99}},{"start":{"line":129,"column":99},"end":{"line":129,"column":114}}],"line":129},"10":{"loc":{"start":{"line":133,"column":39},"end":{"line":133,"column":71}},"type":"default-arg","locations":[{"start":{"line":133,"column":57},"end":{"line":133,"column":71}}],"line":133},"11":{"loc":{"start":{"line":138,"column":6},"end":{"line":142,"column":null}},"type":"if","locations":[{"start":{"line":138,"column":6},"end":{"line":142,"column":null}},{"start":{"line":140,"column":13},"end":{"line":142,"column":null}}],"line":138},"12":{"loc":{"start":{"line":163,"column":11},"end":{"line":163,"column":null}},"type":"binary-expr","locations":[{"start":{"line":163,"column":11},"end":{"line":163,"column":32}},{"start":{"line":163,"column":32},"end":{"line":163,"column":null}}],"line":163}},"s":{"0":17,"1":17,"2":17,"3":15,"4":1,"5":14,"6":2,"7":12,"8":12,"9":15,"10":11,"11":1,"12":9,"13":6,"14":6,"15":9,"16":4,"17":4,"18":4,"19":2,"20":6,"21":6,"22":6,"23":1,"24":5,"25":5,"26":1,"27":4,"28":4,"29":13,"30":13,"31":13,"32":12,"33":12,"34":12,"35":3,"36":3,"37":3,"38":3,"39":3,"40":3,"41":6,"42":6,"43":14,"44":14,"45":1,"46":13,"47":6,"48":13,"49":13,"50":13},"f":{"0":17,"1":15,"2":9,"3":4,"4":4,"5":6,"6":12,"7":12,"8":3,"9":3,"10":6,"11":13},"b":{"0":[17,16],"1":[1,14],"2":[2,12],"3":[12,0],"4":[1,0],"5":[1,5],"6":[1,1],"7":[1,5],"8":[1,4],"9":[3,0],"10":[6],"11":[1,13],"12":[13,1]},"meta":{"lastBranch":13,"lastFunction":12,"lastStatement":51,"seen":{"s:8:24:8:Infinity":0,"f:10:2:10:22":0,"s:10:22:10:43":1,"s:11:4:11:Infinity":2,"b:11:22:11:36:11:36:11:Infinity":0,"f:14:16:14:29":1,"b:15:4:15:Infinity:undefined:undefined:undefined:undefined":1,"s:15:4:15:Infinity":3,"s:15:26:15:Infinity":4,"b:17:4:19:Infinity:undefined:undefined:undefined:undefined":2,"s:17:4:19:Infinity":5,"s:18:6:18:Infinity":6,"s:21:4:34:Infinity":7,"s:23:18:25:Infinity":8,"b:24:10:24:Infinity:25:10:25:Infinity":3,"s:27:6:29:Infinity":9,"s:31:6:31:Infinity":10,"s:33:6:33:Infinity":11,"b:33:87:33:103:33:103:33:118":4,"f:37:8:37:15":2,"s:38:4:38:Infinity":12,"s:40:4:62:Infinity":13,"s:41:21:41:Infinity":14,"b:41:48:41:68:41:68:41:Infinity":5,"s:43:27:52:Infinity":15,"f:44:27:44:33":3,"s:44:33:44:Infinity":16,"f:45:25:45:31":4,"s:45:31:45:Infinity":17,"s:54:6:59:Infinity":18,"s:61:6:61:Infinity":19,"b:61:73:61:89:61:89:61:104":6,"f:65:8:65:24":5,"s:66:4:66:Infinity":20,"s:68:4:130:Infinity":21,"b:70:6:72:Infinity:undefined:undefined:undefined:undefined":7,"s:70:6:72:Infinity":22,"s:71:8:71:Infinity":23,"s:75:20:75:Infinity":24,"b:77:6:79:Infinity:undefined:undefined:undefined:undefined":8,"s:77:6:79:Infinity":25,"s:78:8:78:Infinity":26,"s:82:44:89:Infinity":27,"s:92:6:109:Infinity":28,"s:93:29:93:Infinity":29,"s:94:27:94:Infinity":30,"s:96:29:104:Infinity":31,"f:97:29:97:35":6,"s:97:35:97:Infinity":32,"f:98:27:98:33":7,"s:98:33:98:Infinity":33,"s:106:8:108:Infinity":34,"s:112:29:112:Infinity":35,"s:113:29:121:Infinity":36,"f:114:27:114:33":8,"s:114:33:114:Infinity":37,"f:115:25:115:31":9,"s:115:31:115:Infinity":38,"s:123:6:127:Infinity":39,"s:129:6:129:Infinity":40,"b:129:83:129:99:129:99:129:114":9,"f:133:10:133:22":10,"b:133:57:133:71":10,"s:134:20:134:Infinity":41,"s:136:4:143:Infinity":42,"s:137:23:137:Infinity":43,"b:138:6:142:Infinity:140:13:142:Infinity":11,"s:138:6:142:Infinity":44,"s:139:8:139:Infinity":45,"s:141:8:141:Infinity":46,"s:145:4:145:Infinity":47,"f:148:10:148:25":11,"s:149:16:149:Infinity":48,"s:150:49:161:Infinity":49,"s:163:4:163:Infinity":50,"b:163:11:163:32:163:32:163:Infinity":12}}}
[...]
,"/Users/wonderwomancode/Projects/fleek/alternatefutures-backend/src/services/storage/filecoin.ts": {"path":"/Users/wonderwomancode/Projects/fleek/alternatefutures-backend/src/services/storage/filecoin.ts","statementMap":{"0":{"start":{"line":11,"column":4},"end":{"line":11,"column":null}},"1":{"start":{"line":13,"column":4},"end":{"line":15,"column":null}},"2":{"start":{"line":14,"column":6},"end":{"line":14,"column":null}},"3":{"start":{"line":19,"column":4},"end":{"line":43,"column":null}},"4":{"start":{"line":20,"column":21},"end":{"line":20,"column":null}},"5":{"start":{"line":23,"column":22},"end":{"line":23,"column":null}},"6":{"start":{"line":24,"column":27},"end":{"line":24,"column":null}},"7":{"start":{"line":26,"column":6},"end":{"line":40,"column":null}},"8":{"start":{"line":27,"column":8},"end":{"line":27,"column":null}},"9":{"start":{"line":29,"column":31},"end":{"line":29,"column":null}},"10":{"start":{"line":31,"column":8},"end":{"line":36,"column":null}},"11":{"start":{"line":39,"column":8},"end":{"line":39,"column":null}},"12":{"start":{"line":42,"column":6},"end":{"line":42,"column":null}},"13":{"start":{"line":47,"column":4},"end":{"line":63,"column":null}},"14":{"start":{"line":49,"column":6},"end":{"line":51,"column":null}},"15":{"start":{"line":50,"column":8},"end":{"line":50,"column":null}},"16":{"start":{"line":53,"column":29},"end":{"line":53,"column":null}},"17":{"start":{"line":55,"column":6},"end":{"line":60,"column":null}},"18":{"start":{"line":62,"column":6},"end":{"line":62,"column":null}},"19":{"start":{"line":67,"column":4},"end":{"line":72,"column":null}},"20":{"start":{"line":68,"column":21},"end":{"line":68,"column":null}},"21":{"start":{"line":69,"column":6},"end":{"line":69,"column":null}},"22":{"start":{"line":69,"column":54},"end":{"line":69,"column":70}},"23":{"start":{"line":71,"column":6},"end":{"line":71,"column":null}}},"fnMap":{"0":{"name":"(anonymous_0)","decl":{"start":{"line":10,"column":2},"end":{"line":10,"column":14}},"loc":{"start":{"line":10,"column":31},"end":{"line":16,"column":null}},"line":10},"1":{"name":"(anonymous_1)","decl":{"start":{"line":18,"column":8},"end":{"line":18,"column":15}},"loc":{"start":{"line":18,"column":79},"end":{"line":44,"column":null}},"line":18},"2":{"name":"(anonymous_2)","decl":{"start":{"line":46,"column":8},"end":{"line":46,"column":24}},"loc":{"start":{"line":46,"column":64},"end":{"line":64,"column":null}},"line":46},"3":{"name":"(anonymous_3)","decl":{"start":{"line":66,"column":8},"end":{"line":66,"column":24}},"loc":{"start":{"line":66,"column":51},"end":{"line":73,"column":null}},"line":66},"4":{"name":"(anonymous_4)","decl":{"start":{"line":69,"column":39},"end":{"line":69,"column":40}},"loc":{"start":{"line":69,"column":54},"end":{"line":69,"column":70}},"line":69}},"branchMap":{"0":{"loc":{"start":{"line":11,"column":18},"end":{"line":11,"column":null}},"type":"binary-expr","locations":[{"start":{"line":11,"column":18},"end":{"line":11,"column":28}},{"start":{"line":11,"column":28},"end":{"line":11,"column":62}},{"start":{"line":11,"column":62},"end":{"line":11,"column":null}}],"line":11},"1":{"loc":{"start":{"line":13,"column":4},"end":{"line":15,"column":null}},"type":"if","locations":[{"start":{"line":13,"column":4},"end":{"line":15,"column":null}},{"start":{},"end":{}}],"line":13},"2":{"loc":{"start":{"line":20,"column":21},"end":{"line":20,"column":null}},"type":"cond-expr","locations":[{"start":{"line":20,"column":48},"end":{"line":20,"column":68}},{"start":{"line":20,"column":68},"end":{"line":20,"column":null}}],"line":20},"3":{"loc":{"start":{"line":34,"column":16},"end":{"line":34,"column":null}},"type":"binary-expr","locations":[{"start":{"line":34,"column":16},"end":{"line":34,"column":54}},{"start":{"line":34,"column":54},"end":{"line":34,"column":null}}],"line":34},"4":{"loc":{"start":{"line":42,"column":49},"end":{"line":42,"column":105}},"type":"cond-expr","locations":[{"start":{"line":42,"column":74},"end":{"line":42,"column":90}},{"start":{"line":42,"column":90},"end":{"line":42,"column":105}}],"line":42},"5":{"loc":{"start":{"line":49,"column":6},"end":{"line":51,"column":null}},"type":"if","locations":[{"start":{"line":49,"column":6},"end":{"line":51,"column":null}},{"start":{},"end":{}}],"line":49},"6":{"loc":{"start":{"line":58,"column":14},"end":{"line":58,"column":null}},"type":"binary-expr","locations":[{"start":{"line":58,"column":14},"end":{"line":58,"column":52}},{"start":{"line":58,"column":52},"end":{"line":58,"column":null}}],"line":58},"7":{"loc":{"start":{"line":62,"column":59},"end":{"line":62,"column":115}},"type":"cond-expr","locations":[{"start":{"line":62,"column":84},"end":{"line":62,"column":100}},{"start":{"line":62,"column":100},"end":{"line":62,"column":115}}],"line":62},"8":{"loc":{"start":{"line":71,"column":54},"end":{"line":71,"column":110}},"type":"cond-expr","locations":[{"start":{"line":71,"column":79},"end":{"line":71,"column":95}},{"start":{"line":71,"column":95},"end":{"line":71,"column":110}}],"line":71}},"s":{"0":19,"1":19,"2":1,"3":5,"4":5,"5":5,"6":5,"7":5,"8":5,"9":5,"10":3,"11":5,"12":2,"13":6,"14":6,"15":1,"16":5,"17":2,"18":4,"19":4,"20":4,"21":2,"22":3,"23":2},"f":{"0":19,"1":5,"2":6,"3":4,"4":3},"b":{"0":[19,18,1],"1":[1,18],"2":[1,4],"3":[3,1],"4":[1,1],"5":[1,5],"6":[2,1],"7":[3,1],"8":[1,1]},"meta":{"lastBranch":9,"lastFunction":5,"lastStatement":24,"seen":{"f:10:2:10:14":0,"s:11:4:11:Infinity":0,"b:11:18:11:28:11:28:11:62:11:62:11:Infinity":0,"b:13:4:15:Infinity:undefined:undefined:undefined:undefined":1,"s:13:4:15:Infinity":1,"s:14:6:14:Infinity":2,"f:18:8:18:15":1,"s:19:4:43:Infinity":3,"s:20:21:20:Infinity":4,"b:20:48:20:68:20:68:20:Infinity":2,"s:23:22:23:Infinity":5,"s:24:27:24:Infinity":6,"s:26:6:40:Infinity":7,"s:27:8:27:Infinity":8,"s:29:31:29:Infinity":9,"s:31:8:36:Infinity":10,"b:34:16:34:54:34:54:34:Infinity":3,"s:39:8:39:Infinity":11,"s:42:6:42:Infinity":12,"b:42:74:42:90:42:90:42:105":4,"f:46:8:46:24":2,"s:47:4:63:Infinity":13,"b:49:6:51:Infinity:undefined:undefined:undefined:undefined":5,"s:49:6:51:Infinity":14,"s:50:8:50:Infinity":15,"s:53:29:53:Infinity":16,"s:55:6:60:Infinity":17,"b:58:14:58:52:58:52:58:Infinity":6,"s:62:6:62:Infinity":18,"b:62:84:62:100:62:100:62:115":7,"f:66:8:66:24":3,"s:67:4:72:Infinity":19,"s:68:21:68:Infinity":20,"s:69:6:69:Infinity":21,"f:69:39:69:40":4,"s:69:54:69:70":22,"s:71:6:71:Infinity":23,"b:71:79:71:95:71:95:71:110":8}}}
,"/Users/wonderwomancode/Projects/fleek/alternatefutures-backend/src/services/storage/ipfs.ts": {"path":"/Users/wonderwomancode/Projects/fleek/alternatefutures-backend/src/services/storage/ipfs.ts","statementMap":{"0":{"start":{"line":10,"column":16},"end":{"line":10,"column":null}},"1":{"start":{"line":11,"column":19},"end":{"line":11,"column":null}},"2":{"start":{"line":13,"column":4},"end":{"line":15,"column":null}},"3":{"start":{"line":14,"column":6},"end":{"line":14,"column":null}},"4":{"start":{"line":17,"column":4},"end":{"line":17,"column":null}},"5":{"start":{"line":21,"column":4},"end":{"line":39,"column":null}},"6":{"start":{"line":22,"column":21},"end":{"line":22,"column":null}},"7":{"start":{"line":23,"column":21},"end":{"line":23,"column":null}},"8":{"start":{"line":25,"column":21},"end":{"line":29,"column":null}},"9":{"start":{"line":31,"column":6},"end":{"line":36,"column":null}},"10":{"start":{"line":38,"column":6},"end":{"line":38,"column":null}},"11":{"start":{"line":43,"column":4},"end":{"line":59,"column":null}},"12":{"start":{"line":45,"column":6},"end":{"line":47,"column":null}},"13":{"start":{"line":46,"column":8},"end":{"line":46,"column":null}},"14":{"start":{"line":49,"column":21},"end":{"line":49,"column":null}},"15":{"start":{"line":51,"column":6},"end":{"line":56,"column":null}},"16":{"start":{"line":58,"column":6},"end":{"line":58,"column":null}},"17":{"start":{"line":63,"column":4},"end":{"line":68,"column":null}},"18":{"start":{"line":64,"column":6},"end":{"line":64,"column":null}},"19":{"start":{"line":65,"column":6},"end":{"line":65,"column":null}},"20":{"start":{"line":67,"column":6},"end":{"line":67,"column":null}}},"fnMap":{"0":{"name":"(anonymous_0)","decl":{"start":{"line":9,"column":2},"end":{"line":9,"column":14}},"loc":{"start":{"line":9,"column":51},"end":{"line":18,"column":null}},"line":9},"1":{"name":"(anonymous_1)","decl":{"start":{"line":20,"column":8},"end":{"line":20,"column":15}},"loc":{"start":{"line":20,"column":79},"end":{"line":40,"column":null}},"line":20},"2":{"name":"(anonymous_2)","decl":{"start":{"line":42,"column":8},"end":{"line":42,"column":24}},"loc":{"start":{"line":42,"column":61},"end":{"line":60,"column":null}},"line":42},"3":{"name":"(anonymous_3)","decl":{"start":{"line":62,"column":8},"end":{"line":62,"column":43}},"loc":{"start":{"line":62,"column":43},"end":{"line":69,"column":null}},"line":62}},"branchMap":{"0":{"loc":{"start":{"line":10,"column":16},"end":{"line":10,"column":null}},"type":"binary-expr","locations":[{"start":{"line":10,"column":16},"end":{"line":10,"column":26}},{"start":{"line":10,"column":26},"end":{"line":10,"column":null}}],"line":10},"1":{"loc":{"start":{"line":11,"column":19},"end":{"line":11,"column":null}},"type":"binary-expr","locations":[{"start":{"line":11,"column":19},"end":{"line":11,"column":32}},{"start":{"line":11,"column":32},"end":{"line":11,"column":null}}],"line":11},"2":{"loc":{"start":{"line":13,"column":4},"end":{"line":15,"column":null}},"type":"if","locations":[{"start":{"line":13,"column":4},"end":{"line":15,"column":null}},{"start":{},"end":{}}],"line":13},"3":{"loc":{"start":{"line":13,"column":8},"end":{"line":13,"column":25}},"type":"binary-expr","locations":[{"start":{"line":13,"column":8},"end":{"line":13,"column":16}},{"start":{"line":13,"column":16},"end":{"line":13,"column":25}}],"line":13},"4":{"loc":{"start":{"line":22,"column":21},"end":{"line":22,"column":null}},"type":"cond-expr","locations":[{"start":{"line":22,"column":48},"end":{"line":22,"column":68}},{"start":{"line":22,"column":68},"end":{"line":22,"column":null}}],"line":22},"5":{"loc":{"start":{"line":38,"column":45},"end":{"line":38,"column":101}},"type":"cond-expr","locations":[{"start":{"line":38,"column":70},"end":{"line":38,"column":86}},{"start":{"line":38,"column":86},"end":{"line":38,"column":101}}],"line":38},"6":{"loc":{"start":{"line":45,"column":6},"end":{"line":47,"column":null}},"type":"if","locations":[{"start":{"line":45,"column":6},"end":{"line":47,"column":null}},{"start":{},"end":{}}],"line":45},"7":{"loc":{"start":{"line":58,"column":55},"end":{"line":58,"column":111}},"type":"cond-expr","locations":[{"start":{"line":58,"column":80},"end":{"line":58,"column":96}},{"start":{"line":58,"column":96},"end":{"line":58,"column":111}}],"line":58}},"s":{"0":16,"1":16,"2":16,"3":3,"4":13,"5":4,"6":4,"7":4,"8":4,"9":2,"10":2,"11":4,"12":4,"13":1,"14":3,"15":1,"16":3,"17":2,"18":2,"19":1,"20":1},"f":{"0":16,"1":4,"2":4,"3":2},"b":{"0":[16,15],"1":[16,15],"2":[3,13],"3":[16,14],"4":[1,3],"5":[1,1],"6":[1,3],"7":[2,1]},"meta":{"lastBranch":8,"lastFunction":4,"lastStatement":21,"seen":{"f:9:2:9:14":0,"s:10:16:10:Infinity":0,"b:10:16:10:26:10:26:10:Infinity":0,"s:11:19:11:Infinity":1,"b:11:19:11:32:11:32:11:Infinity":1,"b:13:4:15:Infinity:undefined:undefined:undefined:undefined":2,"s:13:4:15:Infinity":2,"b:13:8:13:16:13:16:13:25":3,"s:14:6:14:Infinity":3,"s:17:4:17:Infinity":4,"f:20:8:20:15":1,"s:21:4:39:Infinity":5,"s:22:21:22:Infinity":6,"b:22:48:22:68:22:68:22:Infinity":4,"s:23:21:23:Infinity":7,"s:25:21:29:Infinity":8,"s:31:6:36:Infinity":9,"s:38:6:38:Infinity":10,"b:38:70:38:86:38:86:38:101":5,"f:42:8:42:24":2,"s:43:4:59:Infinity":11,"b:45:6:47:Infinity:undefined:undefined:undefined:undefined":6,"s:45:6:47:Infinity":12,"s:46:8:46:Infinity":13,"s:49:21:49:Infinity":14,"s:51:6:56:Infinity":15,"s:58:6:58:Infinity":16,"b:58:80:58:96:58:96:58:111":7,"f:62:8:62:43":3,"s:63:4:68:Infinity":17,"s:64:6:64:Infinity":18,"s:65:6:65:Infinity":19,"s:67:6:67:Infinity":20}}}
,"/Users/wonderwomancode/Projects/fleek/alternatefutures-backend/src/utils/invokeUrl.ts": {"path":"/Users/wonderwomancode/Projects/fleek/alternatefutures-backend/src/utils/invokeUrl.ts","statementMap":{"0":{"start":{"line":2,"column":17},"end":{"line":2,"column":null}},"1":{"start":{"line":3,"column":2},"end":{"line":3,"column":null}}},"fnMap":{"0":{"name":"generateInvokeUrl","decl":{"start":{"line":1,"column":16},"end":{"line":1,"column":34}},"loc":{"start":{"line":1,"column":56},"end":{"line":4,"column":null}},"line":1}},"branchMap":{"0":{"loc":{"start":{"line":2,"column":17},"end":{"line":2,"column":null}},"type":"binary-expr","locations":[{"start":{"line":2,"column":17},"end":{"line":2,"column":49}},{"start":{"line":2,"column":49},"end":{"line":2,"column":null}}],"line":2}},"s":{"0":4,"1":4},"f":{"0":4},"b":{"0":[4,4]},"meta":{"lastBranch":1,"lastFunction":1,"lastStatement":2,"seen":{"f:1:16:1:34":0,"s:2:17:2:Infinity":0,"b:2:17:2:49:2:49:2:Infinity":0,"s:3:2:3:Infinity":1}}}
,"/Users/wonderwomancode/Projects/fleek/alternatefutures-backend/src/utils/routeValidation.ts": {"path":"/Users/wonderwomancode/Projects/fleek/alternatefutures-backend/src/utils/routeValidation.ts","statementMap":{"0":{"start":{"line":13,"column":2},"end":{"line":15,"column":null}},"1":{"start":{"line":14,"column":4},"end":{"line":14,"column":null}},"2":{"start":{"line":18,"column":2},"end":{"line":20,"column":null}},"3":{"start":{"line":19,"column":4},"end":{"line":19,"column":null}},"4":{"start":{"line":22,"column":18},"end":{"line":22,"column":null}},"5":{"start":{"line":24,"column":2},"end":{"line":26,"column":null}},"6":{"start":{"line":25,"column":4},"end":{"line":25,"column":null}},"7":{"start":{"line":28,"column":2},"end":{"line":58,"column":null}},"8":{"start":{"line":30,"column":4},"end":{"line":34,"column":null}},"9":{"start":{"line":31,"column":6},"end":{"line":33,"column":null}},"10":{"start":{"line":37,"column":4},"end":{"line":41,"column":null}},"11":{"start":{"line":38,"column":6},"end":{"line":40,"column":null}},"12":{"start":{"line":44,"column":4},"end":{"line":50,"column":null}},"13":{"start":{"line":45,"column":6},"end":{"line":45,"column":null}},"14":{"start":{"line":47,"column":6},"end":{"line":49,"column":null}},"15":{"start":{"line":53,"column":4},"end":{"line":57,"column":null}},"16":{"start":{"line":54,"column":6},"end":{"line":56,"column":null}},"17":{"start":{"line":67,"column":2},"end":{"line":69,"column":null}},"18":{"start":{"line":68,"column":4},"end":{"line":68,"column":null}},"19":{"start":{"line":71,"column":2},"end":{"line":71,"column":null}},"20":{"start":{"line":72,"column":2},"end":{"line":72,"column":null}}},"fnMap":{"0":{"name":"validateRoutes","decl":{"start":{"line":12,"column":16},"end":{"line":12,"column":31}},"loc":{"start":{"line":12,"column":50},"end":{"line":59,"column":null}},"line":12},"1":{"name":"normalizeRoutes","decl":{"start":{"line":66,"column":16},"end":{"line":66,"column":32}},"loc":{"start":{"line":66,"column":65},"end":{"line":73,"column":null}},"line":66}},"branchMap":{"0":{"loc":{"start":{"line":13,"column":2},"end":{"line":15,"column":null}},"type":"if","locations":[{"start":{"line":13,"column":2},"end":{"line":15,"column":null}},{"start":{},"end":{}}],"line":13},"1":{"loc":{"start":{"line":18,"column":2},"end":{"line":20,"column":null}},"type":"if","locations":[{"start":{"line":18,"column":2},"end":{"line":20,"column":null}},{"start":{},"end":{}}],"line":18},"2":{"loc":{"start":{"line":18,"column":6},"end":{"line":18,"column":59}},"type":"binary-expr","locations":[{"start":{"line":18,"column":6},"end":{"line":18,"column":36}},{"start":{"line":18,"column":36},"end":{"line":18,"column":59}}],"line":18},"3":{"loc":{"start":{"line":24,"column":2},"end":{"line":26,"column":null}},"type":"if","locations":[{"start":{"line":24,"column":2},"end":{"line":26,"column":null}},{"start":{},"end":{}}],"line":24},"4":{"loc":{"start":{"line":30,"column":4},"end":{"line":34,"column":null}},"type":"if","locations":[{"start":{"line":30,"column":4},"end":{"line":34,"column":null}},{"start":{},"end":{}}],"line":30},"5":{"loc":{"start":{"line":30,"column":8},"end":{"line":30,"column":73}},"type":"binary-expr","locations":[{"start":{"line":30,"column":8},"end":{"line":30,"column":43}},{"start":{"line":30,"column":43},"end":{"line":30,"column":73}}],"line":30},"6":{"loc":{"start":{"line":37,"column":4},"end":{"line":41,"column":null}},"type":"if","locations":[{"start":{"line":37,"column":4},"end":{"line":41,"column":null}},{"start":{},"end":{}}],"line":37},"7":{"loc":{"start":{"line":53,"column":4},"end":{"line":57,"column":null}},"type":"if","locations":[{"start":{"line":53,"column":4},"end":{"line":57,"column":null}},{"start":{},"end":{}}],"line":53},"8":{"loc":{"start":{"line":53,"column":8},"end":{"line":53,"column":79}},"type":"binary-expr","locations":[{"start":{"line":53,"column":8},"end":{"line":53,"column":44}},{"start":{"line":53,"column":44},"end":{"line":53,"column":79}}],"line":53},"9":{"loc":{"start":{"line":67,"column":2},"end":{"line":69,"column":null}},"type":"if","locations":[{"start":{"line":67,"column":2},"end":{"line":69,"column":null}},{"start":{},"end":{}}],"line":67}},"s":{"0":33,"1":2,"2":31,"3":5,"4":26,"5":26,"6":3,"7":23,"8":33,"9":5,"10":28,"11":2,"12":26,"13":26,"14":2,"15":24,"16":3,"17":4,"18":2,"19":2,"20":2},"f":{"0":33,"1":4},"b":{"0":[2,31],"1":[5,26],"2":[31,28],"3":[3,23],"4":[5,28],"5":[33,33],"6":[2,26],"7":[3,21],"8":[24,23],"9":[2,2]},"meta":{"lastBranch":10,"lastFunction":2,"lastStatement":21,"seen":{"f:12:16:12:31":0,"b:13:2:15:Infinity:undefined:undefined:undefined:undefined":0,"s:13:2:15:Infinity":0,"s:14:4:14:Infinity":1,"b:18:2:20:Infinity:undefined:undefined:undefined:undefined":1,"s:18:2:20:Infinity":2,"b:18:6:18:36:18:36:18:59":2,"s:19:4:19:Infinity":3,"s:22:18:22:Infinity":4,"b:24:2:26:Infinity:undefined:undefined:undefined:undefined":3,"s:24:2:26:Infinity":5,"s:25:4:25:Infinity":6,"s:28:2:58:Infinity":7,"b:30:4:34:Infinity:undefined:undefined:undefined:undefined":4,"s:30:4:34:Infinity":8,"b:30:8:30:43:30:43:30:73":5,"s:31:6:33:Infinity":9,"b:37:4:41:Infinity:undefined:undefined:undefined:undefined":6,"s:37:4:41:Infinity":10,"s:38:6:40:Infinity":11,"s:44:4:50:Infinity":12,"s:45:6:45:Infinity":13,"s:47:6:49:Infinity":14,"b:53:4:57:Infinity:undefined:undefined:undefined:undefined":7,"s:53:4:57:Infinity":15,"b:53:8:53:44:53:44:53:79":8,"s:54:6:56:Infinity":16,"f:66:16:66:32":1,"b:67:2:69:Infinity:undefined:undefined:undefined:undefined":9,"s:67:2:69:Infinity":17,"s:68:4:68:Infinity":18,"s:71:2:71:Infinity":19,"s:72:2:72:Infinity":20}}}
,"/Users/wonderwomancode/Projects/fleek/alternatefutures-backend/src/utils/slug.ts": {"path":"/Users/wonderwomancode/Projects/fleek/alternatefutures-backend/src/utils/slug.ts","statementMap":{"0":{"start":{"line":2,"column":2},"end":{"line":5,"column":null}}},"fnMap":{"0":{"name":"generateSlug","decl":{"start":{"line":1,"column":16},"end":{"line":1,"column":29}},"loc":{"start":{"line":1,"column":51},"end":{"line":6,"column":null}},"line":1}},"branchMap":{},"s":{"0":4},"f":{"0":4},"b":{},"meta":{"lastBranch":0,"lastFunction":1,"lastStatement":1,"seen":{"f:1:16:1:29":0,"s:2:2:5:Infinity":0}}}
}
